begin sampling
initial memory consumption:  128244
 0.2%   t: 170.498649836
memory:  143348
 0.5%   t: 326.990698814
memory:  143512
 0.7%   t: 485.535156965
memory:  143512
 1.0%   t: 643.859664917
memory:  143516
 1.2%   t: 800.069171906
memory:  143516
 1.5%   t: 957.685929775
memory:  143528
 1.7%   t: 1116.59538078
memory:  143528
 2.0%   t: 1275.83179498
memory:  143528
 2.2%   t: 1434.93416286
memory:  143600
 2.5%   t: 1594.08705878
memory:  143604
 2.7%   t: 1753.12024999
memory:  143604
 3.0%   t: 1912.63386583
memory:  143604
 3.2%   t: 2071.84909081
memory:  143604
 3.5%   t: 2230.97958493
memory:  143612
 3.7%   t: 2390.21409893
memory:  143612
 4.0%   t: 2549.44545197
memory:  143612
 4.2%   t: 2708.53733087
memory:  143612
 4.5%   t: 2867.82075596
memory:  143612
 4.7%   t: 3027.13133597
memory:  143612
 5.0%   t: 3186.49008179
memory:  143612
 5.2%   t: 3345.7658329
memory:  143612
 5.5%   t: 3505.17121792
memory:  143612
 5.7%   t: 3666.13136196
memory:  143728
 6.0%   t: 3827.30258679
memory:  143728
 6.2%   t: 3988.28319788
memory:  143728
 6.5%   t: 4150.04379296
memory:  143728
 6.7%   t: 4310.4381578
memory:  143728
 7.0%   t: 4469.77170587
memory:  143728
 7.2%   t: 4629.18570781
memory:  143728
 7.5%   t: 4788.60985589
memory:  143728
 7.7%   t: 4948.06638598
memory:  143732
 8.0%   t: 5107.59048891
memory:  143732
 8.2%   t: 5267.08019686
memory:  143732
 8.5%   t: 5426.58140588
memory:  143736
 8.7%   t: 5586.03103399
memory:  143740
 9.0%   t: 5745.33531785
memory:  143740
 9.2%   t: 5904.87054896
memory:  143740
 9.5%   t: 6064.37086797
memory:  143740
 9.7%   t: 6223.9318378
memory:  143740
10.0%   t: 6383.85279489
memory:  143744
10.2%   t: 6543.38227582
memory:  143744
10.5%   t: 6702.90965891
memory:  143744
10.7%   t: 6862.49408293
memory:  143744
11.0%   t: 7021.87772393
memory:  143744
11.2%   t: 7183.96987486
memory:  143744
11.5%   t: 7343.59196997
memory:  143744
11.7%   t: 7503.19259882
memory:  143744
12.0%   t: 7662.73014498
memory:  143744
12.2%   t: 7822.26588392
memory:  143744
12.5%   t: 7981.86654091
memory:  143744
12.7%   t: 8141.42869997
memory:  143744
13.0%   t: 8300.95216298
memory:  143744
13.2%   t: 8460.66727281
memory:  143744
13.5%   t: 8621.70501089
memory:  143744
13.7%   t: 8781.35093093
memory:  143744
14.0%   t: 8941.1868248
memory:  143744
14.2%   t: 9100.9277339
memory:  143744
14.5%   t: 9260.64891386
memory:  143744
14.7%   t: 9421.23928189
memory:  143744
15.0%   t: 9580.8726368
memory:  143744
15.2%   t: 9740.5856359
memory:  143744
15.5%   t: 9900.28938079
memory:  143744
15.7%   t: 10060.0135758
memory:  143744
16.0%   t: 10219.7563789
memory:  143744
16.2%   t: 10379.3577189
memory:  143744
16.5%   t: 10539.0653398
memory:  143744
16.7%   t: 10698.786284
memory:  143744
17.0%   t: 10858.2191808
memory:  143744
17.2%   t: 11017.9624779
memory:  143744
17.5%   t: 11177.5563738
memory:  143744
17.7%   t: 11337.4412808
memory:  143744
18.0%   t: 11497.418721
memory:  143744
18.2%   t: 11657.0102558
memory:  143744
18.5%   t: 11816.753238
memory:  143744
18.7%   t: 11976.4015338
memory:  143744
19.0%   t: 12136.1489449
memory:  143744
19.2%   t: 12296.0356579
memory:  143744
19.5%   t: 12455.858609
memory:  143744
19.7%   t: 12616.694114
memory:  143744
20.0%   t: 12777.0128689
memory:  143744
20.2%   t: 12942.1251309
memory:  143744
20.5%   t: 13102.1795728
memory:  143744
20.7%   t: 13262.191396
memory:  143744
21.0%   t: 13422.009795
memory:  143744
21.2%   t: 13582.0848529
memory:  143744
21.5%   t: 13742.1751568
memory:  143744
21.7%   t: 13905.6686828
memory:  143744
22.0%   t: 14094.1913059
memory:  143744
22.2%   t: 14269.593019
memory:  143744
22.5%   t: 14460.5684168
memory:  143744
22.7%   t: 14658.9081199
memory:  143744
23.0%   t: 14872.7392929
memory:  143744
23.2%   t: 15035.3414099
memory:  143744
23.5%   t: 15232.5248199
memory:  143744
23.7%   t: 15430.9991889
memory:  143744
24.0%   t: 15590.9748669
memory:  143744
24.2%   t: 15778.8852129
memory:  143744
24.5%   t: 15938.9988878
memory:  143744
24.7%   t: 16128.203676
memory:  143744
25.0%   t: 16288.4169128
memory:  143744
25.2%   t: 16450.42202
memory:  143744
25.5%   t: 16610.553622
memory:  143744
25.7%   t: 16770.6960199
memory:  143744
26.0%   t: 16931.1622438
memory:  143744
26.2%   t: 17095.4328599
memory:  143744
26.5%   t: 17257.8875709
memory:  143744
26.7%   t: 17418.982486
memory:  143744
27.0%   t: 17581.568887
memory:  143744
27.2%   t: 17746.8220718
memory:  143744
27.5%   t: 17907.5506568
memory:  143744
27.7%   t: 18097.476455
memory:  143744
28.0%   t: 18307.0308928
memory:  143744
28.2%   t: 18471.4536538
memory:  143744
28.5%   t: 18654.409971
memory:  143744
28.7%   t: 18820.90659
memory:  143744
29.0%   t: 18988.0969808
memory:  143744
29.2%   t: 19157.609756
memory:  143744
29.5%   t: 19319.9755838
memory:  143744
29.7%   t: 19482.8919108
memory:  143744
30.0%   t: 19643.4040558
memory:  143744
30.2%   t: 19803.469734
memory:  143744
30.5%   t: 19965.3403728
memory:  143744
30.7%   t: 20127.922848
memory:  143744
31.0%   t: 20290.9537249
memory:  143744
31.2%   t: 20456.6761858
memory:  143744
31.5%   t: 20619.1451049
memory:  143744
31.7%   t: 20781.6095819
memory:  143744
32.0%   t: 20944.8093548
memory:  143744
32.2%   t: 21111.867157
memory:  143744
32.5%   t: 21279.9829099
memory:  143744
32.7%   t: 21451.5925539
memory:  143744
33.0%   t: 21631.0158548
memory:  143744
33.2%   t: 21819.9564228
memory:  143744
33.5%   t: 22012.9133229
memory:  143744
33.7%   t: 22204.45257
memory:  143744
34.0%   t: 22411.1913559
memory:  143744
34.2%   t: 22599.919297
memory:  143744
34.5%   t: 22773.5002499
memory:  143744
34.7%   t: 22968.5770459
memory:  143744
35.0%   t: 23177.9004278
memory:  143744
35.2%   t: 23381.3595769
memory:  143744
35.5%   t: 23567.3255138
memory:  143744
35.7%   t: 23754.769851
memory:  143744
36.0%   t: 23935.8545878
memory:  143744
36.2%   t: 24118.3350229
memory:  143744
36.5%   t: 24297.3821058
memory:  143744
36.7%   t: 24491.4721539
memory:  143744
37.0%   t: 24671.0568919
memory:  143744
37.2%   t: 24855.7460468
memory:  143744
37.5%   t: 25033.643919
memory:  143744
37.7%   t: 25211.4834878
memory:  143744
38.0%   t: 25389.740207
memory:  143744
38.2%   t: 25567.999661
memory:  143744
38.5%   t: 25769.330164
memory:  143744
38.7%   t: 25955.8666608
memory:  143744
39.0%   t: 26156.0918829
memory:  143744
39.2%   t: 26407.8705719
memory:  143744
39.5%   t: 26637.9822078
memory:  143744
39.7%   t: 26902.582268
memory:  143744
40.0%   t: 27150.7098858
memory:  143744
40.2%   t: 27394.4555738
memory:  143744
40.5%   t: 27635.1467118
memory:  143744
40.7%   t: 27861.889622
memory:  143744
41.0%   t: 28101.978864
memory:  143744
41.2%   t: 28330.815506
memory:  143744
41.5%   t: 28555.94344
memory:  143744
41.7%   t: 28774.6295438
memory:  143744
42.0%   t: 28988.4384198
memory:  143744
42.2%   t: 29204.8002908
memory:  143744
42.5%   t: 29435.8493869
memory:  143744
42.7%   t: 29657.7840459
memory:  143744
43.0%   t: 29891.6894808
memory:  143744
43.2%   t: 30150.2464638
memory:  143744
43.5%   t: 30411.586334
memory:  143744
43.7%   t: 30670.078624
memory:  143744
44.0%   t: 30922.3549619
memory:  143744
44.2%   t: 31174.707269
memory:  143744
44.5%   t: 31417.7109909
memory:  143744
44.7%   t: 31659.4014099
memory:  143744
45.0%   t: 31912.844038
memory:  143744
45.2%   t: 32206.468375
memory:  143744
45.5%   t: 32459.7152798
memory:  143744
45.7%   t: 32739.8050499
memory:  143744
46.0%   t: 33017.6949399
memory:  143744
46.2%   t: 33279.335423
memory:  143744
46.5%   t: 33572.9503019
memory:  143744
46.7%   t: 33848.5708728
memory:  143744
47.0%   t: 34123.1676228
memory:  143744
47.2%   t: 34520.2505779
memory:  143744
47.5%   t: 34970.1317739
memory:  143744
47.7%   t: 35665.6403968
memory:  143744
48.0%   t: 36558.2755959
memory:  143744
48.2%   t: 37279.4249439
memory:  143744
48.5%   t: 38141.5887909
memory:  143744
emcee: Exception while calling your likelihood function:
  params:emcee: Exception while calling your likelihood function:
  params:emcee: Exception while calling your likelihood function:
  params: [ 0.87107343 -0.2864248   0.02397246  1.84911667  0.3119274  -2.84387238
  0.40649539 -3.64630159 -0.35917434 11.84799586  0.52389883 -0.7580811
  0.29921619]
  args: []
  kwargs: {}
  exception:
emcee: Exception while calling your likelihood function:
  params: [ 2.06806665 -0.42770086  1.10414773  2.9282357   0.10724655 -1.14685163
  0.50555125 -5.16698752 -0.32868458  5.28339039 -0.74658397 -1.1732071
  0.1919355 ]
  args: []
  kwargs: {}
  exception:
emcee: Exception while calling your likelihood function:
  params: [ 0.82727301 -0.26094183  0.02256414  1.87596031  0.30870319 -2.7936001
  0.41889436 -3.63307045 -0.36670181 11.85993628  0.52987273 -0.75710695
  0.29950618]
  args: []
  kwargs: {}
  exception:
emcee: Exception while calling your likelihood function:
  params: [ 0.85866948 -0.2812913   0.02414979  1.85139108  0.33025434 -2.80153348
  0.41276391 -3.60318772 -0.37149337 11.72571578  0.47192842 -0.7785069
  0.29102291]
  args: []
  kwargs: {}
  exception:
 [ 0.8466657  -0.26996125  0.02288662  1.83501651  0.2908016  -2.94208663
  0.39804495 -3.64720486 -0.36188292 11.90531193  0.55084126 -0.74943042
  0.30289488]
  args: []
  kwargs: {}
  exception:
 [ 0.85617878 -0.28128933  0.02385665  1.80299537  0.28154024 -2.93648712
  0.38379305 -3.62546012 -0.36591358 11.86225512  0.53463439 -0.7528109
  0.29920097]
  args: []
  kwargs: {}
  exception:
emcee: Exception while calling your likelihood function:
  params: [ 0.85992555 -0.27747046  0.02311982  1.75677898  0.24888375 -3.18962422
  0.36047331 -3.64255742 -0.35811336 11.81055743  0.50333826 -0.76203998
  0.29633818]
  args: []
  kwargs: {}
  exception:
