5809.12923631
5842.51741915
5269.85906807
15637.4354038
226276.15831
5757.01924035
5781.41207497
5956.58336013
5800.75869652
5823.39754214
5947.8872669
412199.354167
78550.6025212
90458.4279371
27522.1040158
22524.6904148
8131.18058416
25645.2751637
6600.03937574
14196.6003442
5168.58205194
12898.9423271
4935.19722005
5053.884338
4886.70251944
5160.9324729
4959.59320038
5440.58859966
5474.28533995
6096.18670054
5145.77405637
4971.59482267
6497.01891741
5038.18808654
5058.65152983
4898.26106458
5078.00903063
5320.92447562
4872.16633916
4906.58400612
5087.96155081
4849.63399376
5329.34163153
4820.46985207
4720.37299866
4927.20516795
5037.58242501
4817.76432697
5132.50385386
4785.29778791
4643.71224055
4690.81576196
4640.01334972
4737.59674655
4792.81850282
5290.70408067
4698.69634155
4717.52050789
4575.79026791
4616.99831546
4623.99355522
4681.60069414
4688.88309118
4760.82114241
4654.10441188
4832.9818047
4622.37191874
4678.63064587
4619.08335675
4626.27195218
4592.48573966
4738.28165225
4583.7266214
4661.02028919
4580.99862207
4678.39154862
4579.39528705
4551.46118028
4640.67559066
4629.98218927
4567.36037049
4587.04876003
4575.4761114
4547.18857231
4656.27970981
4709.86852885
4545.41498387
4614.79639555
4546.41976213
4593.01657758
4546.89707031
4546.35718386
4589.26322584
4542.38223462
4500.14996572
4499.7567812
4511.43462602
4585.18218055
4528.11415243
4589.70379516
4525.37013243
4553.21568487
4522.96759224
4552.53596762
4521.50152403
4498.05219721
4506.92064354
4516.71714114
4526.51364149
4508.08188716
4486.20111123
4505.47367298
4497.04685165
4508.00049945
4510.71951599
4471.16795832
4473.18050895
4485.82331841
4508.30874716
4463.67690074
4465.0149147
4476.76262176
4499.67570149
4509.75483429
4481.7456289
4496.30197242
4504.82192621
4478.43495368
4527.25926099
4476.32112137
4472.2467095
4477.09330258
4480.7130061
4458.23095851
4463.99000596
4472.9884014
4460.44374905
4476.37405842
4442.52098808
4428.60019537
4462.19567171
4491.37773813
4458.73315821
4480.08692279
4459.66413387
4453.26412298
4469.12180299
4442.3989694
4433.13007116
4469.06205044
4451.86352609
4440.34841253
4462.13815855
4448.21631193
4450.95310031
4427.7760207
4418.825275
4428.57372494
4413.5397753
4397.54721383
4426.12915603
4409.92326414
4418.74284979
4401.21921765
4400.02432877
4399.06977895
4399.584499
4397.92409726
4396.62142054
4414.020787
4386.79312427
4392.8512999
4376.42024017
4365.06195372
4381.53380738
4389.80486165
4385.03765378
4389.05527769
4369.79643841
4370.25792572
4369.38262893
4379.39789435
4371.77563307
4366.57842909
4368.26263986
4367.55933573
4349.69535932
4343.32131751
4364.64862846
4353.00905744
4355.93264789
4360.23461351
4352.25875829
4345.45401509
4352.67491095
4355.11536608
4341.01964517
4349.3585817
4339.97115663
4351.79766013
4353.49275049
4331.79904971
4332.61582079
4342.23223437
4346.15717468
4357.76592556
4341.03376923
4356.81564247
4341.1257436
4338.83349026
4328.08630414
4333.01418006
4347.27110239
4337.1216231
4335.87191015
4330.29928151
4341.76316603
4334.50606331
4331.9542197
4326.053737
4328.11070263
4335.6585944
4326.6186985
4334.42026227
4324.4047457
4329.60280637
4326.0757696
4331.86877663
4319.35416066
4319.15622863
4328.70713866
4322.25075933
4330.04525457
4323.39253039
4328.49830587
4328.68980052
4325.56116809
4326.0159931
4326.29542674
4314.32737601
4313.48988028
4315.19713545
4321.11490159
4319.06401468
4317.53618274
4322.55764361
4320.8459991
4316.25495717
4314.56928116
4319.93750331
4330.32052543
4314.27617895
4319.28987121
4315.85793492
4324.71079897
4313.49123851
4322.22044994
4313.52516182
4310.43364768
4315.53182966
4314.13184827
4314.75927054
4320.87590729
4311.49431981
4317.72760553
4311.75537069
4315.1076724
4311.72849307
4318.59561831
4311.28396003
4318.85333093
4311.21738772
4314.37317719
4311.59540429
4315.37236845
4311.42433418
4312.59992545
4310.29808493
4312.96995494
4310.40199788
4312.42429435
4310.60187821
4311.72171234
4309.54399295
4310.61565977
4311.5077954
4309.61188836
4311.46568497
4311.00965979
4311.47535855
4310.03406317
4310.54871296
4310.54311688
4308.76515354
4309.61433621
4310.59444116
4308.76609276
4310.74296377
4309.36497884
4310.75596436
4309.34495569
4309.98056529
4311.63161724
4309.17842625
4308.93266181
4309.75461115
4307.79004599
4307.45036117
4308.93029551
4309.71716144
4308.68733037
4308.23176255
4309.02513212
4307.63058626
4307.56324809
4307.14001959
4307.30866256
4307.66195901
4308.29624684
4307.41885586
4306.50254505
4306.53292208
4306.30984028
4306.59399817
4305.88842685
4305.97103041
4307.01195932
4305.78944916
4306.28932977
4305.64273566
4305.87769862
4305.88053111
4306.64415137
4305.43145357
4306.31121772
4305.2377841
4306.29756287
4305.57136353
4305.43362541
4305.93084269
4304.30425167
4304.20335453
4304.16837494
4304.47646491
4305.43169789
4304.79630421
4304.11115531
4304.84224593
4303.27323943
4302.81875013
4303.35387028
4304.63253913
4303.30166016
4304.10611502
4303.51360314
4303.05380949
4302.87854626
4302.87697921
4301.94694569
4302.17954357
4301.90236264
4302.62474672
4301.84739215
4303.01909393
4302.62733756
4302.42295395
4302.16118692
4302.54701792
4302.00111205
4301.55550073
4302.93006398
4301.55479472
4303.28420727
4300.55227893
4300.69507427
4302.661982
4301.51241139
4301.67719856
4301.57023233
4302.56806796
4301.23938824
4301.72452911
4301.67535747
4300.96816478
4300.33045194
4300.47652742
4301.44713813
4302.28561527
4300.87750335
4301.57876505
4300.8989149
4301.89936405
4300.86996106
4300.69071671
4301.77683716
4300.82037114
4300.13232503
4300.27410744
4301.31630499
4300.6663022
4300.19832731
4300.68555014
4300.33384635
4300.17138375
4299.90340493
4300.01252341
4300.0684711
4300.16285478
4300.19593816
4299.53835393
4299.48342408
4299.50793503
4299.76259479
4299.61882444
4299.76441723
4299.73328798
4299.6454295
4299.43473539
4300.08934249
4299.09986526
4299.29046401
4299.1897129
4299.37834272
4299.46424545
4299.20591581
4299.51250615
4299.68857366
4299.23602724
4298.91019481
4299.13153075
4299.57577369
4299.15078996
4299.63004678
4299.14345292
4299.05006906
4299.28303985
4299.30754881
4298.88491264
4299.18501122
4299.47385334
4299.00507498
4299.33597533
4299.01044529
4298.90042329
4299.17158571
4299.10594198
4299.18176081
4298.9552452
4299.18077983
4298.94695402
4298.77852623
4298.87951356
4299.08526624
4298.80526692
4298.96683692
4298.91196457
4298.85896064
4298.64397884
4298.63233409
4298.98872528
4298.79090265
4298.64909437
4298.61954246
4298.72739705
4298.82273095
4298.82611273
4298.48505288
4298.42478781
4298.65838441
4298.67557069
4298.70249914
4298.5195095
4298.43142466
4298.31353662
4298.30619515
4298.33452255
4298.49846894
4298.58012169
4298.34335447
4298.24324172
4298.42339317
4298.1330178
4298.19932665
4297.94749751
4297.78787599
4298.1647635
4298.20203166
4298.08428024
4298.01758695
4297.9360094
4298.02527762
4297.86296991
4297.85761158
4297.5727666
4297.45479834
4297.68275254
4297.9623436
4297.80602043
4297.58059617
4297.46710681
4297.32970475
4297.34814526
4297.7534693
4297.68659407
4297.23269253
4297.20689188
4297.35191063
4297.14839719
4297.29030059
4297.03642785
4297.12772698
4297.50471243
4297.31142184
4296.97238319
4297.20285839
4296.96926076
4297.27125274
4297.38405025
4296.93354421
4297.23749884
4296.8375507
4297.09932176
4297.34648713
4296.66876926
4296.67345908
4297.24474307
4296.89582606
4296.9194713
4297.15134094
4296.59908214
4296.77440381
4297.17259703
4296.82050203
4296.79407702
4296.6103203
4296.79993829
4296.46552342
4296.55369015
4296.58717423
4296.76161352
4296.6299481
4296.47118348
4296.18563606
4296.02857185
4296.44187957
4296.45612995
4296.44370173
4296.17089744
4296.36352571
4296.0336306
4296.25485827
4296.09714602
4296.3844834
4295.82598102
4295.74438992
4296.2990869
4296.25478402
4296.02483678
4295.98884101
4295.64006046
4295.58277805
4296.07734304
4295.82084258
4296.11497555
4295.64889338
4296.12983274
4295.79238961
4295.84176366
4295.73040513
4295.64827673
4295.42289223
4295.05439704
4295.32460799
4296.02254051
4295.59410791
4295.50715006
4295.55561578
4295.09357379
4294.7769643
4294.50959946
4295.10973108
4294.41320332
4294.29634571
4294.18263407
4294.18805778
4294.07038698
4294.45282027
4294.09549878
4294.25378726
4294.17227958
4294.26555697
4294.28143394
4294.61992231
4294.60627649
4294.45812029
4295.48584646
4294.0022555
4293.88510819
4294.435537
4294.49190279
4294.02048005
4294.13332478
4294.36740793
4293.95911166
4294.11164491
4294.15394185
4294.14308917
4293.96262657
4294.16173456
4293.90020713
4294.34891976
4293.8773528
4294.1597684
4293.89356279
4294.31875326
4293.8701938
4294.07236505
4293.87780781
4293.7647194
4293.95769011
4293.93828443
4294.06237502
4293.82982241
4294.12620062
4293.81025591
4293.7808297
4293.98385956
4293.8047204
4293.77306256
4293.8166405
4293.85099294
4293.70053114
4293.7676678
4293.78294977
4293.88879109
4293.7556319
4293.74361238
4293.68136086
4293.76406213
4293.84396924
4293.72363845
4293.69314535
4293.62043045
4293.6332716
4293.78446567
4293.69703065
4293.77925073
4293.69547521
4293.67286974
4293.72908427
4293.61330811
4293.64899212
4293.66888381
4293.74844634
4293.65681845
4293.62172216
4293.69341646
4293.58368537
4293.58641655
4293.65286153
4293.65079387
4293.6560742
4293.58028623
4293.62372178
4293.59872791
4293.58736019
4293.5330233
4293.52999883
4293.62813347
4293.59264244
4293.54961034
4293.60147723
4293.50903347
4293.52980687
4293.50242636
4293.54018066
4293.55015896
4293.5850198
4293.5372731
4293.6089635
4293.52956513
4293.55956867
4293.57322246
4293.48417297
4293.52804797
4293.43896177
4293.42156073
4293.52013076
4293.46666059
4293.53437029
4293.47286431
4293.45329115
4293.54659392
4293.46961352
4293.4514572
4293.39776578
4293.41294631
4293.4255746
4293.42400458
4293.34683835
4293.32095779
4293.45129964
4293.42912249
4293.3422599
4293.38066333
4293.35928833
4293.4366247
4293.41175107
4293.41883983
4293.39565973
4293.40886984
4293.33543663
4293.25640469
4293.19435409
4293.38980567
4293.36136671
4293.31776154
4293.29744665
4293.3487597
4293.37477001
4293.29419162
4293.34748175
4293.34232998
4293.26353673
4293.34343674
4293.32538469
4293.35155038
4293.28247487
4293.30424885
4293.26583907
4293.20322169
4293.29368063
4293.17539189
4293.152983
4293.20099546
4293.2302499
4293.18589709
4293.20345262
4293.17362419
4293.12034565
4293.15062192
4293.07634228
4293.0492582
4293.076835
4293.14292464
4293.19006996
4293.06227717
4293.10266813
4293.09548789
4293.05627871
4292.93343836
4292.83188645
4293.05803876
4292.9389397
4292.97303143
4292.89736338
4292.99911562
4292.98351328
4292.91081626
4292.92578673
4292.93663197
4292.8058845
4292.79364006
4292.75980244
4292.75401997
4292.71203713
4292.67470012
4292.74762008
4292.69163595
4292.65415382
4292.69697024
4292.79562006
4292.61939546
4292.6999808
4292.49317157
4292.40361095
4292.45604291
4292.55120213
4292.43447206
4292.40420513
4292.65046573
4292.30635114
4292.28178787
4292.31868675
4292.23611799
4292.27604724
4292.32776039
4292.42243726
4292.0309983
4291.89535401
4291.97976339
4292.00065688
4292.32530493
4292.19343788
4292.03536355
4291.93360527
4291.82074638
4291.79990031
4291.98763324
4291.74869346
4291.87857319
4291.62348437
4291.63415503
4291.58368226
4291.64592225
4291.73550647
4291.65822408
4291.6857913
4291.80538027
4291.89528685
4291.56524936
4291.81416692
4291.34756708
4291.24625134
4291.63421473
4291.64035416
4291.29979812
4291.33659834
4291.30063514
4291.31236666
4291.05099042
4290.9322625
4291.33143573
4291.12609342
4291.16031197
4290.90957047
4291.03862753
4290.7958361
4290.87534722
4290.97278229
4291.04266334
4291.06966831
4290.89778436
4291.08841653
4290.57826872
4290.50864999
4290.51379378
4290.49991176
4290.59183447
4290.80962014
4290.6724826
4290.76285808
4290.25567505
4290.14942795
4290.17087921
4290.47993359
4290.78580623
4290.33833708
4289.90448749
4289.71206275
4290.51159507
4289.99889875
4289.97925809
4289.83075318
4290.29924899
4289.53672617
4289.40774869
4289.49523712
4289.73337975
4289.20906158
4289.14516181
4289.47075412
4289.1641999
4288.96652459
4289.17907058
4288.92701037
4289.22867716
4289.02309118
4288.65420886
4288.80233945
4288.34789715
4288.13612742
4288.67297103
4288.76486361
4288.53606128
4287.9373927
4287.88239312
4287.7568371
4287.6674732
4288.11363846
4287.52836679
4287.69929301
4288.03789294
4287.0899878
4286.99425857
4287.12103605
4287.15011456
4286.48999089
4286.54243471
4286.20325493
4286.2083025
4287.72324263
4287.17408746
4286.12013255
4286.40445617
4286.48082083
4287.07008082
4286.22417662
4286.44427408
4286.7777943
4285.51050167
4285.5157063
4285.84130294
4286.3720554
4286.07303052
4286.70429175
4285.9477858
4285.24454192
4285.26843954
4285.44834726
4285.95601543
4286.17736203
4285.42283809
4285.32834392
4286.10859623
4285.42266923
4285.94904497
4286.00498537
4285.38804778
4285.98075745
4285.37754461
4286.31984431
4285.33985825
4284.85361911
4285.0865045
4284.67480247
4284.75424888
4285.44155278
4285.52736727
4285.08713706
4285.53797172
4285.08214695
4285.54759175
4285.07407924
4285.68822195
4285.0613863
4285.05669533
4284.77031075
4284.72542571
4284.83383394
4284.64597331
4284.88505668
4284.55099046
4284.59875962
4284.36867985
4284.21549162
4284.29579874
4284.29793658
4283.96978617
4283.75194874
4284.31155335
4284.25779486
4283.88268805
4283.93778374
4283.61056576
4283.48744502
4283.32368692
4283.05930213
4283.01531578
4282.59973665
4283.45041976
4283.04361164
4282.83373328
4282.69683021
4281.94923303
4281.18652282
4281.80164983
4281.82206949
4281.96365943
4282.19151409
4281.44374908
4281.11854833
4280.9462567
4280.37484149
4279.57253578
4279.80039407
4280.37203952
4280.22847615
4279.59588125
4279.74605002
4279.18508708
4279.28273066
4278.8924789
4279.14542553
4279.32502895
4278.56136129
4278.86064953
4278.23611301
4278.38359805
4278.22971905
4278.44218554
4278.15168602
4278.63952108
4278.36458144
4278.50529382
4279.10091151
4277.98057463
4278.85229552
4278.07414422
4277.4491505
4277.64856098
4278.06261242
4276.59509793
4275.61710847
4277.07746072
4277.19024363
4276.58225425
4276.62816507
4276.59516847
4276.43330369
4276.25048058
4276.26577561
4275.07189828
4274.76174036
4275.20209366
4275.51903101
4274.16930194
4273.37013009
4274.63164766
4273.99968125
4273.84005584
4273.02662815
4272.53889239
4273.68584105
4273.27790763
4272.11185134
4271.92381798
4271.60748538
4271.71252839
4271.31497554
4271.61356208
4271.09562438
4271.5574273
4270.05221029
4269.38951041
4270.38009491
4270.89995211
4269.92530887
4271.50024072
4267.87711122
4266.77654467
4269.93847363
4267.53269778
4269.62279166
4269.20392401
4267.53847378
4268.17200836
4267.90637781
4266.99855453
4268.23103858
4267.99445535
4266.14355062
4267.44600966
4265.8378295
4267.31935616
4268.41971928
4266.74821116
4267.44965396
4267.49773693
4267.09551563
4266.23216793
4264.63274546
4264.00103703
4266.45010409
4266.38010194
4265.38838048
4266.51817431
4264.62577218
4264.47109573
4264.06667196
4265.62634788
4265.73730633
4266.95687661
4264.74916415
4263.89888922
4265.33655167
4263.57230234
4264.02307503
4263.93842771
4265.01718837
4264.53446652
4263.45641353
4265.41214787
4264.41984023
4263.40204112
4265.25679664
4263.79339865
4264.91609371
4263.41716651
4263.60031884
4264.64812466
4263.34451933
4262.38454847
4262.4157572
4262.41456725
4263.72437815
4263.54370435
4263.43218885
4264.10273836
4262.86060665
4263.80138759
4262.84766099
4263.58484221
4262.85809413
4263.57293951
4262.84533586
4263.48856895
4262.82016979
4263.73121853
4262.78374365
4262.63807757
4263.16757761
4262.55700432
4263.24371501
4262.6186303
4262.61483177
4262.35618257
4262.72453932
4262.23763602
4262.50542336
4262.1855573
4262.52093911
4262.35625574
4262.40026563
4262.14103166
4262.5694775
4262.0793216
4262.50211299
4262.20794609
4262.56335015
4262.17822124
4262.18030616
4262.24379254
4262.06552415
4261.82917177
4262.24761296
4262.39789253
4262.08383123
4262.34689654
4262.05018988
4261.94444266
4262.21227918
4262.05980194
4262.48959072
4262.0341612
4262.41481608
4262.03686105
4262.31200551
4262.04749272
4262.03420843
4262.03189507
4261.60809686
4261.34670482
4261.75761602
4261.6631351
4261.24430228
4261.35952876
4261.31179601
4261.46239368
4261.56493668
4261.66745708
4261.336822
4261.72000474
4261.40918092
4261.67586174
4261.5993492
4261.97025181
4261.32940696
4261.77501688
4261.34774495
4261.63402159
4261.34377651
4261.70779953
4261.32571523
4261.19834318
4261.45936601
4261.12271367
4261.22437469
4261.3394437
4261.22117609
4261.28815124
4261.22130583
4261.2452073
4261.4510442
4261.18069018
4261.26760691
4261.03837172
4261.06143919
4261.15656049
4261.35172644
4261.13977317
4261.22848832
4261.20261366
4261.22075119
4261.2277104
4261.1236104
4261.2475667
4261.11910479
4261.13138985
4261.2051934
4261.1086864
4261.21585491
4261.10795103
4261.15716333
4261.10880877
4261.18426581
4261.0873891
4261.20449514
4261.08528411
4261.08195863
4261.26866403
4261.0672596
4261.05457835
4261.14094868
4261.07310159
4261.06477423
4261.1135413
4261.06723893
4261.06935718
4261.06267448
4261.06691742
4261.03370816
4261.05991983
4261.09827927
4261.0486702
4261.05306325
4261.04290214
4261.05273169
4261.03586644
4261.05499268
4261.01121845
4261.01426876
4261.06370024
4261.03461076
4261.04861455
4261.02623441
4261.0402107
4261.03282074
4261.00909115
4261.02352933
4261.03535053
4261.03291357
4261.04371266
4261.01978898
4261.02600933
4261.02520991
4261.04291382
4261.01657209
4261.01447672
4260.99743099
4261.00225302
4261.01336143
4261.01745366
4261.03340472
4261.00809085
4261.03742013
4261.00765152
4261.00722026
4260.99030521
4260.990059
4261.02088252
4261.00218754
4260.98876742
4260.99388266
4261.01166357
4261.0175686
4260.99896956
4261.01502594
4260.99861019
4260.99206333
4260.99752746
4260.98309612
4260.98489036
4260.97561382
4260.96977756
4260.97620732
4260.96970649
4260.96799134
4260.97258972
4260.96411604
4260.96808628
4260.97340699
4260.98224017
4260.96305233
4260.97780652
4260.96438805
4260.95430419
4260.96386414
4260.96533132
4260.97779235
4260.96322584
4260.97993783
4260.96288316
4260.9652337
4260.96101493
4260.95621549
4260.96302927
4260.96171626
4260.96301893
4260.97248571
4260.95653937
4260.95513294
4260.95080538
4260.95452585
4260.94967723
4260.95449287
4260.9666078
4260.95431525
4260.95705217
4260.95112028
4260.96335934
4260.9529613
4260.94899618
4260.95886684
4260.95767223
4260.95106307
4260.94949531
4260.95312828
4260.94842191
4260.9566507
4260.94649975
4260.95201982
4260.94735384
4260.95210966
4260.94565387
4260.95238036
4260.95090773
4260.95079824
4260.94336626
4260.94603872
4260.94961845
4260.94642608
4260.94793984
4260.95106854
4260.94520286
4260.94824042
4260.94552363
4260.94410005
4260.94694026
4260.94414624
4260.94378722
4260.94784911
4260.9433382
4260.94942199
4260.94303501
4260.94301246
4260.94977458
4260.94349845
4260.94590149
4260.94250417
4260.94496279
4260.93923486
4260.93940404
4260.9437981
4260.94657623
4260.94138685
4260.94298403
4260.94408369
4260.94144746
4260.94411797
4260.94143029
4260.9449987
4260.94124115
4260.9456411
4260.9411454
4260.93938037
4260.94152252
4260.94345529
4260.94087648
4260.9415943
4260.93882745
4260.93918223
4260.94275579
4260.94010861
4260.94283783
4260.94008555
4260.93919595
4260.93926548
4260.93919614
4260.93842751
4260.93932623
4260.9378046
4260.93819857
4260.93797085
4260.93731236
4260.93730882
4260.93728408
4260.93831786
4260.93802302
4260.93765241
4260.93681881
4260.93759079
4260.93642442
4260.93707812
4260.93621567
4260.93723898
4260.93728046
4260.93584362
4260.9365304
4260.93630398
4260.93633422
4260.93701375
4260.9359294
4260.93537667
4260.93622578
4260.93661289
4260.93621155
4260.93659957
4260.93517246
4260.936199
4260.93677807
4260.93561153
4260.93639302
4260.93568022
4260.93607284
4260.9352604
4260.93508643
4260.93647223
4260.9342415
4260.93427619
4260.93674721
4260.93509467
4260.93568884
4260.93524347
4260.93533977
4260.93596587
4260.9348846
4260.93487673
4260.9346063
4260.93449307
4260.93541585
4260.9346325
4260.93512633
4260.9356137
4260.93456909
4260.93433146
4260.93518016
4260.93451394
4260.93446983
4260.93407568
4260.93467288
4260.93421377
4260.93440207
4260.93408229
4260.9344634
4260.9338938
4260.93433873
4260.93378773
4260.93415602
4260.933909
4260.9340104
4260.93424819
4260.93431552
4260.93410724
4260.93417556
4260.93422977
4260.93373685
4260.93437128
4260.93423005
4260.93380876
4260.9340763
4260.93389473
4260.93440783
4260.93371936
4260.93380757
4260.93412495
4260.93371882
4260.93386145
4260.93404087
4260.93368825
4260.93429753
4260.93362845
4260.9341471
4260.93364205
4260.93362395
4260.93402184
4260.93411195
4260.93361793
4260.93367489
4260.93404891
4260.93359885
4260.93348088
4260.93358007
4260.93391127
4260.93356924
4260.93362689
4260.93353716
4260.93355094
4260.93359759
4260.93347206
4260.93359929
4260.93359501
4260.93360684
4260.93357051
4260.93351545
4260.93352954
4260.93356636
4260.93360248
4260.93348563
4260.93357629
4260.93347724
4260.93363949
4260.93347079
4260.93337267
4260.93337146
4260.93348946
4260.93352313
4260.93343894
4260.93351589
4260.93355431
4260.93342868
4260.93352142
4260.93342922
4260.93349256
4260.93341988
4260.93351529
4260.93341876
4260.93334937
4260.9333556
4260.93332106
4260.9333062
4260.933326
4260.93346036
4260.93327997
4260.93328557
4260.93342729
4260.93333884
4260.93330665
4260.93325532
4260.93328911
4260.93334838
4260.93319539
4260.93317605
4260.93315858
4260.93315919
4260.93326775
4260.93313594
4260.9331144
4260.93330371
4260.93321795
4260.9331048
4260.93312941
4260.93302359
4260.93293453
4260.93313943
4260.9331079
4260.93304713
4260.93303637
4260.93296968
4260.93307394
4260.93291542
4260.93293431
4260.93286603
4260.9328439
4260.93284037
4260.93286569
4260.93294794
4260.93299772
4260.93282687
4260.93294533
4260.9329457
4260.93269618
4260.93261501
4260.93272218
4260.93278186
4260.93259135
4260.93251272
4260.93262743
4260.9326098
4260.93253825
4260.93242845
4260.93242477
4260.93242909
4260.93242413
4260.93263501
4260.9321868
4260.93205161
4260.93218108
4260.93203507
4260.93191961
4260.93231152
4260.93186948
4260.93168485
4260.93192219
4260.93199161
4260.93184987
4260.93179798
4260.93150387
4260.93141307
4260.93124307
4260.93103307
4260.93115743
4260.93131455
4260.93129863
4260.93081509
4260.93054571
4260.93070362
4260.93108005
4260.93090129
4260.9308785
4260.93062484
4260.93028636
4260.93020891
4260.93017012
4260.93021395
4260.93046605
4260.93055813
4260.93010231
4260.93045777
4260.9298427
4260.92992621
4260.92980799
4260.93000221
4260.9295116
4260.92942462
4260.92976319
4260.92955637
4260.92941055
4260.92986702
4260.92953806
4260.92943291
4260.92953436
4260.92900713
4260.92932315
4260.92946306
4260.92912472
4260.92901702
4260.92890209
4260.92946386
4260.92871464
4260.92892395
4260.93014509
4260.92899027
4260.92990849
4260.92901729
4260.92879251
4260.92869389
4260.92910356
4260.92853402
4260.92883745
4260.92889697
4260.92846628
4260.928684
4260.92828724
4260.92822693
4260.92865047
4260.92810244
4260.92807823
4260.92802568
4260.92820065
4260.92803545
4260.92833987
4260.92797863
4260.92849466
4260.92777421
4260.9280413
4260.92735162
4260.92706111
4260.92761671
4260.9272669
4260.9273535
4260.92780923
4260.92683331
4260.92666279
4260.92702317
4260.92687929
4260.92647857
4260.92658112
4260.92598723
4260.92554002
4260.92664987
4260.92560342
4260.92568234
4260.92539607
4260.92537683
4260.9250237
4260.92499029
4260.92487782
4260.92523237
4260.9248204
4260.92562429
4260.92440883
4260.92488068
4260.92396619
4260.9240395
4260.92377994
4260.92423009
4260.92407337
4260.92344382
4260.92360181
4260.92479615
4260.92337423
4260.92407627
4260.923727
4260.92309482
4260.92368947
4260.92384921
4260.92313963
4260.92274737
4260.92373371
4260.92254607
4260.92327323
4260.92248847
4260.923233
4260.92239907
4260.9232892
4260.92287203
4260.92208326
4260.92286667
4260.92212582
4260.921085
4260.92051726
4260.92175874
4260.92221826
4260.92105438
4260.92140733
4260.92092304
4260.9204575
4260.92080161
4260.92012428
4260.9203521
4260.91962331
4260.91945891
4260.9212932
4260.91978393
4260.92028813
4260.91932047
4260.92035941
4260.91872174
4260.91890341
4260.91994624
4260.91861657
4260.91930347
4260.91871539
4260.91740359
4260.91647677
4260.91809471
4260.91793533
4260.91746722
4260.91687553
4260.91686433
4260.91678311
4260.91737516
4260.91629684
4260.91744461
4260.91535474
4260.91539574
4260.91436439
4260.91335925
4260.91477493
4260.91501648
4260.9134547
4260.91412169
4260.91380525
4260.91342702
4260.91408553
4260.91156672
4260.91082542
4260.91124019
4260.91032293
4260.90933218
4260.91038643
4260.9094648
4260.91218582
4260.90925372
4260.9101049
4260.90703955
4260.90474319
4260.90837343
4260.90792767
4260.90433262
4260.90212067
4260.90657987
4260.90349547
4260.90324524
4260.90500928
4260.90207115
4260.90204239
4260.90241836
4260.90050201
4260.9021474
4260.89977512
4260.90145009
4260.8983773
4260.89928624
4260.89829621
4260.90013065
4260.89794245
4260.89958033
4260.89847666
4260.89832555
4260.90301582
4260.89949092
4260.89671806
4260.89831055
4260.89667116
4260.89939838
4260.89476647
4260.89533188
4260.89619079
4260.89592287
4260.89319077
4260.89211354
4260.89272233
4260.8946408
4260.89111973
4260.88997625
4260.89184082
4260.89090701
4260.88907165
4260.88885856
4260.88993108
4260.88818267
4260.89061242
4260.88436003
4260.88151845
4260.88395476
4260.88401018
4260.8808632
4260.87837683
4260.87801693
4260.87429979
4260.87895982
4260.88092415
4260.87865964
4260.87035514
4260.86489812
4260.87157164
4260.86471304
4260.85938951
4260.86312538
4260.86347084
4260.8633124
4260.85645577
4260.85320308
4260.85065097
4260.84411798
4260.84851996
4260.84062017
4260.83438434
4260.84213343
4260.83890136
4260.83832795
4260.82893617
4260.82404331
4260.82219006
4260.81839815
4260.81919912
4260.81801084
4260.83051547
4260.82588124
4260.82289762
4260.81339138
4260.82560644
4260.82050182
4260.80422493
4260.8076424
4260.81430068
4260.82952054
4260.81468567
4260.81607433
4260.8317172
4260.8123899
4260.81198077
4260.81357023
4260.8063186
4260.81356268
4260.80771292
4260.81017952
4260.80224619
4260.80842424
4260.81316083
4260.80846387
4260.81199871
4260.8040246
4260.81514634
4260.80472222
4260.80904858
4260.81112372
4260.80158853
4260.81279395
4260.80998736
4260.8010497
4260.81234482
4260.81198011
4260.80221709
4260.80657778
4260.80645831
4260.80191416
4260.80622189
4260.80603554
4260.80054534
4260.8120791
4260.80560518
4260.80298279
4260.80615576
4260.79985652
4260.7956987
4260.79900441
4260.79496153
4260.79880206
4260.79771042
4260.80175008
4260.79907915
4260.79068016
4260.78966869
4260.80225977
4260.79579794
4260.79827959
4260.79904415
4260.79712582
4260.79369081
4260.7864312
4260.78412255
4260.79336725
4260.79465469
4260.79136134
4260.79061945
4260.79670378
4260.7902867
4260.78349023
4260.78331869
4260.78907259
4260.78337773
4260.78939285
4260.78415554
4260.78598002
4260.78995233
4260.77926072
4260.781624
4260.77669375
4260.77697937
4260.78678422
4260.78160625
4260.78811111
4260.7806054
4260.78480497
4260.78720555
4260.78034553
4260.78008926
4260.78659547
4260.77929523
4260.77715813
4260.78473032
4260.77875629
4260.77632202
4260.78219339
4260.77704983
4260.77867525
4260.78385049
4260.77650585
4260.77485871
4260.77886265
4260.77903135
4260.77402494
4260.77705655
4260.77414671
4260.77753311
4260.77090863
4260.77074426
4260.77669242
4260.77637672
4260.77645968
4260.77523309
4260.7776043
4260.77335655
4260.77713356
4260.77339468
4260.77079402
4260.77609118
4260.77339043
4260.77440032
4260.77375054
4260.77499753
4260.77205362
4260.77058718
4260.77390362
4260.77627116
4260.77144657
4260.77381649
4260.77144943
4260.77257288
4260.77080643
4260.7685077
4260.76932393
4260.77360645
4260.77054251
4260.76968192
4260.77126081
4260.76865278
4260.7713714
4260.7671459
4260.76690068
4260.77108349
4260.7689602
4260.77158707
4260.76874728
4260.77086258
4260.76871472
4260.76972777
4260.76733156
4260.76818867
4260.765941
4260.76680049
4260.76894124
4260.76648325
4260.76784494
4260.76883954
4260.76707227
4260.76537337
4260.76583739
4260.76497333
4260.76557722
4260.76504963
4260.76603006
4260.76527227
4260.76476217
4260.7674762
4260.76637605
4260.76275823
4260.76193586
4260.76259478
4260.76510606
4260.76484226
4260.76431056
4260.76146535
4260.76111897
4260.76219677
4260.76389541
4260.7649769
4260.76151457
4260.76429638
4260.76092901
4260.76271054
4260.7603838
4260.76210648
4260.75863615
4260.75821363
4260.76137506
4260.76085198
4260.75966515
4260.75968664
4260.75802343
4260.75968419
4260.75780928
4260.75991536
4260.75765475
4260.76012236
4260.75753149
4260.76066776
4260.7574842
4260.76129551
4260.758399
4260.75776486
4260.75668498
4260.7606975
4260.75550051
4260.75750706
4260.75665376
4260.75677391
4260.75726702
4260.75465599
4260.75585252
4260.7545084
4260.75610993
4260.75838293
4260.75556662
4260.75542165
4260.75715882
4260.75426609
4260.75667746
4260.75775011
4260.75505285
4260.75667013
4260.75590829
4260.75529659
4260.75669944
4260.75475597
4260.75498512
4260.75630459
4260.75440881
4260.75375376
4260.75518133
4260.75424234
4260.75492628
4260.75510114
4260.75396929
4260.75347119
4260.75482954
4260.75616996
4260.75373552
4260.75493372
4260.7538421
4260.75315777
4260.75400686
4260.75334329
4260.75437415
4260.75266636
4260.75303051
4260.75372754
4260.75412705
4260.75397663
4260.75437923
4260.75321648
4260.75417754
4260.75318285
4260.75296247
4260.75279257
4260.75370115
4260.75247496
4260.75306901
4260.75310638
4260.75354095
4260.75279334
4260.75224929
4260.75268654
4260.75235533
4260.75232297
4260.75227178
4260.7528371
4260.75220232
4260.75332356
4260.75201418
4260.75286594
4260.75306258
4260.75218817
4260.75135916
4260.75105128
4260.75204448
4260.75202859
4260.7519847
4260.75209336
4260.75142846
4260.75131902
4260.75173523
4260.75149615
4260.7515731
4260.75130122
4260.75147612
4260.75197689
4260.75067236
4260.75075093
4260.75102069
4260.75180857
4260.75112943
4260.75094652
4260.75095697
4260.75168273
4260.75095345
4260.75103072
4260.75054902
4260.75091997
4260.75136921
4260.75083149
4260.75097181
4260.7504217
4260.7505521
4260.75020092
4260.75002215
4260.75086631
4260.75058807
4260.75063972
4260.75071398
4260.74996766
4260.7499059
4260.74994094
4260.75040474
4260.74945538
4260.74909218
4260.74989494
4260.74952398
4260.74961252
4260.74967469
4260.74924133
4260.74844769
4260.74771774
4260.74869113
4260.74857358
4260.74853924
4260.74806631
4260.74852573
4260.7480124
4260.7474742
4260.74739091
4260.7474763
4260.74685113
4260.74659299
4260.74667633
4260.74657727
4260.74680016
4260.74614789
4260.74601158
4260.74564778
4260.74550767
4260.74546594
4260.74612948
4260.74576783
4260.74516201
4260.74613925
4260.74483207
4260.74563505
4260.74389256
4260.74345066
4260.74376295
4260.74455565
4260.74508316
4260.7446274
4260.74468831
4260.74323665
4260.74394111
4260.74366323
4260.74443533
4260.74359686
4260.74415067
4260.74339777
4260.74347201
4260.74278253
4260.74422813
4260.74212731
4260.74276748
4260.74279765
4260.7427578
4260.7446781
4260.74260296
4260.74228704
4260.74247116
4260.7429615
4260.741707
4260.74258978
4260.74252634
4260.74281409
4260.74293063
4260.74207178
4260.74298932
4260.74202493
4260.74226189
4260.74191999
4260.74259956
4260.74121782
4260.74150899
4260.74243736
4260.74318494
4260.7416941
4260.74166948
4260.74223641
4260.74158453
4260.74175338
4260.74207266
4260.74185438
4260.74216509
4260.74145936
4260.74087977
4260.74106982
4260.74070815
4260.74085043
4260.74122409
4260.74142753
4260.74169737
4260.74127189
4260.74180124
4260.74108106
4260.74089898
4260.74116768
4260.74100668
4260.74050695
4260.74095145
4260.74120967
4260.741472
4260.74075678
4260.74097744
4260.74049545
4260.74103122
4260.74110526
4260.74173233
4260.74062333
4260.74118981
4260.74065849
4260.74030992
4260.74055213
4260.74071126
4260.74079887
4260.74071206
4260.74014558
4260.74024184
4260.74074702
4260.74026934
4260.74075076
4260.74039127
4260.74074196
4260.74037815
4260.74060181
4260.74034026
4260.74009049
4260.74032561
4260.74001952
4260.74023729
4260.74032179
4260.74039185
4260.74000475
4260.74032208
4260.74054075
4260.74011302
4260.73997307
4260.74024415
4260.73991482
4260.74017665
4260.73999902
4260.74009946
4260.73991679
4260.73963006
4260.73962345
4260.74000609
4260.73980248
4260.73990612
4260.73969551
4260.73979167
4260.74013616
4260.73974398
4260.73962787
4260.74009657
4260.73971974
4260.73947574
4260.73954595
4260.73986165
4260.73940323
4260.73942248
4260.73951393
4260.7396849
4260.73945262
4260.73962133
4260.73931828
4260.73942194
4260.7392574
4260.73933612
4260.73937654
4260.7396101
4260.73931917
4260.73933732
4260.73940265
4260.73944099
4260.7394551
4260.73908659
4260.73908629
4260.73940804
4260.73932273
4260.73954559
4260.73922405
4260.73933164
4260.73909107
4260.73940382
4260.73919796
4260.73909781
4260.73938886
4260.7391569
4260.73931011
4260.73927091
4260.73926521
4260.73893672
4260.7389024
4260.73928198
4260.73909621
4260.73921753
4260.73921993
4260.73901078
4260.73902504
4260.7391026
4260.73911112
4260.73883904
4260.73885853
4260.73892557
4260.73911909
4260.73896235
4260.73905207
4260.73908694
4260.73902349
4260.73907154
4260.73896347
4260.73887225
4260.73907164
4260.73891887
4260.73890504
4260.73878957
4260.73886226
4260.73903351
4260.73887898
4260.7388291
4260.7388203
4260.73887437
4260.73880545
4260.73876111
4260.73887265
4260.73876633
4260.73877339
4260.73867752
4260.73870348
4260.73881167
4260.73882136
4260.73870063
4260.73876283
4260.73885296
4260.73872531
4260.73875625
4260.73882764
4260.73871991
4260.73866154
4260.73873524
4260.73870009
4260.73874382
4260.73881843
4260.73868706
4260.7387942
4260.73868848
4260.73863601
4260.73868179
4260.73871443
4260.73877525
4260.73867238
4260.73864312
4260.7386278
4260.73867913
4260.73871301
4260.73865565
4260.73864933
4260.73868575
4260.73860146
4260.73861238
4260.7385922
4260.73860806
4260.73867065
4260.73860848
4260.73859642
4260.73865473
4260.73865822
4260.73861243
4260.73857846
4260.73860877
4260.73865089
4260.7386048
4260.73863916
4260.73856114
4260.73857057
4260.73863497
4260.73855891
4260.73857967
4260.73862414
4260.7385913
4260.73864015
4260.73858173
4260.73857197
4260.73857202
4260.7385578
4260.73859603
4260.73856558
4260.73853676
4260.73854869
4260.73855896
4260.73857023
4260.73855582
4260.7385555
4260.73855095
4260.73852075
4260.73852511
4260.73855923
4260.73852643
4260.73852854
4260.73855673
4260.73855102
4260.7385614
4260.73853353
4260.73853173
4260.73854371
4260.73851998
4260.73855528
4260.73853907
4260.73854139
4260.7385145
4260.73855094
4260.73854689
4260.73852018
4260.73855367
4260.73851867
4260.73854535
4260.73851872
4260.73850853
4260.7385278
4260.73849201
4260.73848433
4260.73852931
4260.73851037
4260.73853449
4260.73850976
4260.73850267
4260.73851491
4260.73849472
4260.73849948
4260.73848932
4260.73848073
4260.73848155
4260.73849356
4260.73850168
4260.7384864
4260.73846986
4260.73846649
4260.73847452
4260.73846426
4260.73846764
4260.73847567
4260.73846812
4260.73845696
4260.73846385
4260.73846585
4260.73845916
4260.73846193
4260.73845254
4260.73847222
4260.73845704
4260.73846424
4260.73844867
4260.73846822
4260.73845291
4260.73845228
4260.73844842
4260.73847272
4260.73845975
4260.73845129
4260.73845835
4260.73845996
4260.73844745
4260.73843578
4260.73843957
4260.73845623
4260.73844088
4260.73844571
4260.73844867
4260.73845348
4260.73844152
4260.7384424
4260.7384448
4260.73844977
4260.73843929
4260.73844122
4260.73844245
4260.73844284
4260.73842682
4260.73842794
4260.73844117
4260.73845591
4260.73843408
4260.73844607
4260.73843445
4260.73844601
4260.73843432
4260.73844365
4260.73843453
4260.73842498
4260.73842242
4260.73843698
4260.73843967
4260.7384409
4260.73843218
4260.73844054
4260.73843175
4260.73843094
4260.73843685
4260.73843052
4260.73842799
4260.73842786
4260.73842398
4260.73842512
4260.73843066
4260.73842132
4260.7384226
4260.73842288
4260.73841944
4260.7384212
4260.73842694
4260.73841881
4260.73842308
4260.73842426
4260.7384181
4260.73842222
4260.73842685
4260.73842132
4260.73842392
4260.73841839
4260.73842272
4260.73841728
4260.73842133
4260.73842295
4260.73841896
4260.73841924
4260.73842192
4260.73841769
4260.73842254
4260.7384181
4260.7384167
4260.73842131
4260.73841645
4260.73842187
4260.73841556
4260.73841848
4260.7384173
4260.7384174
4260.73841924
4260.73841619
4260.73841702
4260.73841522
4260.73841841
4260.73841513
4260.73841895
4260.73841883
4260.73841534
4260.73841593
4260.7384167
4260.73841627
4260.73841588
4260.73841676
4260.73841491
4260.73841484
4260.73841852
4260.73841879
4260.7384145
4260.73841715
4260.73841462
4260.73841424
4260.73841661
4260.73841668
4260.73841442
4260.73841605
4260.73841446
4260.73841458
4260.7384135
4260.73841431
4260.73841447
4260.73841815
4260.73841376
4260.73841365
4260.73841443
4260.73841363
4260.73841421
4260.73841373
4260.73841537
4260.73841358
 final_simplex: (array([[  0.52114134,   2.41546279,  -5.05151672,  13.15897877,
          0.69946344, -11.09168419, -13.88233586,  -0.54190786,
          1.66108554,  -0.74150547],
       [  0.52114848,   2.41546915,  -5.05152536,  13.15898456,
          0.69946751, -11.09167264, -13.88228014,  -0.54190502,
          1.66108858,  -0.74150251],
       [  0.52114529,   2.41546505,  -5.05152205,  13.15898192,
          0.69946033, -11.09170818, -13.88238317,  -0.54190341,
          1.66109118,  -0.74149781],
       [  0.52115217,   2.41546858,  -5.05152594,  13.15898507,
          0.69946619, -11.09171015, -13.88241155,  -0.54189279,
          1.66109877,  -0.74150336],
       [  0.52114954,   2.41547303,  -5.05152631,  13.15898578,
          0.69946422, -11.09173042, -13.8823858 ,  -0.5419055 ,
          1.66110257,  -0.74151479],
       [  0.5211527 ,   2.41547483,  -5.05153244,  13.15898893,
          0.69947181, -11.09167234, -13.88232178,  -0.54190103,
          1.66109775,  -0.741514  ],
       [  0.52114123,   2.41546287,  -5.05152086,  13.15898194,
          0.69947093, -11.09169658, -13.88235738,  -0.54192009,
          1.6610812 ,  -0.74150519],
       [  0.5211484 ,   2.4154679 ,  -5.0515233 ,  13.15898341,
          0.69946765, -11.09170022, -13.8823906 ,  -0.54189509,
          1.66108736,  -0.74150487],
       [  0.52114963,   2.41546391,  -5.05152644,  13.15898478,
          0.6994612 , -11.09167647, -13.88228768,  -0.54190292,
          1.66108775,  -0.74149802],
       [  0.52114136,   2.41546698,  -5.05152236,  13.15898316,
          0.69946338, -11.0916842 , -13.88228524,  -0.5419068 ,
          1.6610878 ,  -0.74150369],
       [  0.52114409,   2.41546853,  -5.05152343,  13.15898403,
          0.69947068, -11.09169617, -13.88239499,  -0.54191156,
          1.66109   ,  -0.74150427]]), array([4260.7384135 , 4260.73841358, 4260.73841363, 4260.73841365,
       4260.73841373, 4260.73841376, 4260.73841421, 4260.73841424,
       4260.73841442, 4260.73841443, 4260.73841446]))
           fun: 4260.7384134954555
       message: 'Optimization terminated successfully.'
          nfev: 2643
           nit: 1894
        status: 0
       success: True
             x: array([  0.52114134,   2.41546279,  -5.05151672,  13.15897877,
         0.69946344, -11.09168419, -13.88233586,  -0.54190786,
         1.66108554,  -0.74150547])
