 final_simplex: (array([[  0.42616331,   2.38540617,  -4.98079206,  13.11580471,
          0.6329928 , -11.8362571 , -15.69594198,  -0.776269  ,
          1.78194525,  -0.74334485],
       [  0.4261606 ,   2.38537708,  -4.98077195,  13.11579045,
          0.63300543, -11.83646677, -15.69686581,  -0.77629323,
          1.781921  ,  -0.74334169],
       [  0.42614588,   2.38536272,  -4.98075962,  13.11578479,
          0.63300253, -11.83636461, -15.6964082 ,  -0.77626184,
          1.7819115 ,  -0.74335192],
       [  0.42614563,   2.38539713,  -4.98076967,  13.11579434,
          0.63300138, -11.8363879 , -15.69637573,  -0.77627441,
          1.7819397 ,  -0.74335352],
       [  0.42617872,   2.3853986 ,  -4.9807968 ,  13.11580755,
          0.63298275, -11.8362502 , -15.69607464,  -0.77624515,
          1.78193377,  -0.74331888],
       [  0.42616892,   2.38538559,  -4.98078372,  13.11579635,
          0.6329874 , -11.8362862 , -15.69615153,  -0.77625893,
          1.78192824,  -0.74334336],
       [  0.42616291,   2.38538628,  -4.98078572,  13.1158008 ,
          0.63301446, -11.83631516, -15.69652142,  -0.77630797,
          1.78192793,  -0.74333903],
       [  0.4261743 ,   2.38535771,  -4.98079334,  13.11580053,
          0.63300703, -11.83616583, -15.69608984,  -0.77624762,
          1.78189368,  -0.7432855 ],
       [  0.42617005,   2.38536214,  -4.98078395,  13.11579304,
          0.63300084, -11.83624017, -15.69623927,  -0.77625379,
          1.78190221,  -0.74330925],
       [  0.42615728,   2.38539378,  -4.98077526,  13.11579977,
          0.63301607, -11.83635941, -15.69638599,  -0.77629948,
          1.78193211,  -0.74332985],
       [  0.42617169,   2.3853558 ,  -4.98077548,  13.11578986,
          0.63299473, -11.83621637, -15.6960023 ,  -0.77624638,
          1.78189971,  -0.74332201]]), array([8996.06938816, 8996.06939962, 8996.06942004, 8996.06942363,
       8996.06942751, 8996.06942756, 8996.06943679, 8996.06943709,
       8996.06945152, 8996.06946037, 8996.06946994]))
           fun: 8996.069388163784
       message: 'Maximum number of function evaluations has been exceeded.'
          nfev: 2000
           nit: 1407
        status: 1
       success: False
             x: array([  0.42616331,   2.38540617,  -4.98079206,  13.11580471,
         0.6329928 , -11.8362571 , -15.69594198,  -0.776269  ,
         1.78194525,  -0.74334485])
