/home/xuejian/works/quasarLF/git/codes/lf_fit/lf_shape.py:10: RuntimeWarning: overflow encountered in power
  P_temp = np.power(10.,P0) / ( np.power(x,gamma1) + np.power(x,gamma2) )
/home/xuejian/works/quasarLF/git/codes/lf_fit/lf_shape.py:11: RuntimeWarning: divide by zero encountered in log10
  P_temp = np.log10(P_temp)
/home/xuejian/works/quasarLF/git/codes/lf_fit/lf_shape.py:10: RuntimeWarning: overflow encountered in power
  P_temp = np.power(10.,P0) / ( np.power(x,gamma1) + np.power(x,gamma2) )
/home/xuejian/works/quasarLF/git/codes/lf_fit/lf_shape.py:11: RuntimeWarning: divide by zero encountered in log10
  P_temp = np.log10(P_temp)
/home/xuejian/.conda/envs/customenv/lib/python2.7/site-packages/emcee/ensemble.py:335: RuntimeWarning: invalid value encountered in subtract
  lnpdiff = (self.dim - 1.) * np.log(zz) + newlnprob - lnprob0
/home/xuejian/.conda/envs/customenv/lib/python2.7/site-packages/emcee/ensemble.py:336: RuntimeWarning: invalid value encountered in greater
  accept = (lnpdiff > np.log(self._random.rand(len(lnpdiff))))
/home/xuejian/works/quasarLF/git/codes/lf_fit/lf_shape.py:10: RuntimeWarning: overflow encountered in power
  P_temp = np.power(10.,P0) / ( np.power(x,gamma1) + np.power(x,gamma2) )
/home/xuejian/works/quasarLF/git/codes/lf_fit/lf_shape.py:11: RuntimeWarning: divide by zero encountered in log10
  P_temp = np.log10(P_temp)
/home/xuejian/works/quasarLF/git/codes/lf_fit/lf_shape.py:10: RuntimeWarning: overflow encountered in power
  P_temp = np.power(10.,P0) / ( np.power(x,gamma1) + np.power(x,gamma2) )
/home/xuejian/works/quasarLF/git/codes/lf_fit/lf_shape.py:11: RuntimeWarning: divide by zero encountered in log10
  P_temp = np.log10(P_temp)
/home/xuejian/works/quasarLF/git/codes/lf_fit/lf_shape.py:10: RuntimeWarning: overflow encountered in power
  P_temp = np.power(10.,P0) / ( np.power(x,gamma1) + np.power(x,gamma2) )
/home/xuejian/works/quasarLF/git/codes/lf_fit/lf_shape.py:11: RuntimeWarning: divide by zero encountered in log10
  P_temp = np.log10(P_temp)
/home/xuejian/works/quasarLF/git/codes/lf_fit/lf_shape.py:10: RuntimeWarning: overflow encountered in power
  P_temp = np.power(10.,P0) / ( np.power(x,gamma1) + np.power(x,gamma2) )
/home/xuejian/works/quasarLF/git/codes/lf_fit/lf_shape.py:11: RuntimeWarning: divide by zero encountered in log10
  P_temp = np.log10(P_temp)
/home/xuejian/works/quasarLF/git/codes/lf_fit/lf_shape.py:10: RuntimeWarning: overflow encountered in power
  P_temp = np.power(10.,P0) / ( np.power(x,gamma1) + np.power(x,gamma2) )
/home/xuejian/works/quasarLF/git/codes/lf_fit/lf_shape.py:11: RuntimeWarning: divide by zero encountered in log10
  P_temp = np.log10(P_temp)
/home/xuejian/works/quasarLF/git/codes/lf_fit/lf_shape.py:10: RuntimeWarning: overflow encountered in power
  P_temp = np.power(10.,P0) / ( np.power(x,gamma1) + np.power(x,gamma2) )
/home/xuejian/works/quasarLF/git/codes/lf_fit/lf_shape.py:11: RuntimeWarning: divide by zero encountered in log10
  P_temp = np.log10(P_temp)
/home/xuejian/works/quasarLF/git/codes/lf_fit/lf_shape.py:10: RuntimeWarning: overflow encountered in power
  P_temp = np.power(10.,P0) / ( np.power(x,gamma1) + np.power(x,gamma2) )
/home/xuejian/works/quasarLF/git/codes/lf_fit/lf_shape.py:11: RuntimeWarning: divide by zero encountered in log10
  P_temp = np.log10(P_temp)
/home/xuejian/works/quasarLF/git/codes/lf_fit/lf_shape.py:10: RuntimeWarning: overflow encountered in power
  P_temp = np.power(10.,P0) / ( np.power(x,gamma1) + np.power(x,gamma2) )
/home/xuejian/works/quasarLF/git/codes/lf_fit/lf_shape.py:11: RuntimeWarning: divide by zero encountered in log10
  P_temp = np.log10(P_temp)
/home/xuejian/works/quasarLF/git/codes/lf_fit/lf_shape.py:10: RuntimeWarning: overflow encountered in power
  P_temp = np.power(10.,P0) / ( np.power(x,gamma1) + np.power(x,gamma2) )
/home/xuejian/works/quasarLF/git/codes/lf_fit/lf_shape.py:11: RuntimeWarning: divide by zero encountered in log10
  P_temp = np.log10(P_temp)
/home/xuejian/works/quasarLF/git/codes/lf_fit/lf_shape.py:10: RuntimeWarning: overflow encountered in power
  P_temp = np.power(10.,P0) / ( np.power(x,gamma1) + np.power(x,gamma2) )
/home/xuejian/works/quasarLF/git/codes/lf_fit/lf_shape.py:11: RuntimeWarning: divide by zero encountered in log10
  P_temp = np.log10(P_temp)
/home/xuejian/works/quasarLF/git/codes/lf_fit/lf_shape.py:10: RuntimeWarning: overflow encountered in power
  P_temp = np.power(10.,P0) / ( np.power(x,gamma1) + np.power(x,gamma2) )
/home/xuejian/works/quasarLF/git/codes/lf_fit/lf_shape.py:11: RuntimeWarning: divide by zero encountered in log10
  P_temp = np.log10(P_temp)
/home/xuejian/works/quasarLF/git/codes/lf_fit/lf_shape.py:10: RuntimeWarning: overflow encountered in power
  P_temp = np.power(10.,P0) / ( np.power(x,gamma1) + np.power(x,gamma2) )
/home/xuejian/works/quasarLF/git/codes/lf_fit/lf_shape.py:11: RuntimeWarning: divide by zero encountered in log10
  P_temp = np.log10(P_temp)
/home/xuejian/works/quasarLF/git/codes/lf_fit/lf_shape.py:10: RuntimeWarning: overflow encountered in power
  P_temp = np.power(10.,P0) / ( np.power(x,gamma1) + np.power(x,gamma2) )
/home/xuejian/works/quasarLF/git/codes/lf_fit/lf_shape.py:11: RuntimeWarning: divide by zero encountered in log10
  P_temp = np.log10(P_temp)
/home/xuejian/works/quasarLF/git/codes/lf_fit/lf_shape.py:10: RuntimeWarning: overflow encountered in power
  P_temp = np.power(10.,P0) / ( np.power(x,gamma1) + np.power(x,gamma2) )
/home/xuejian/works/quasarLF/git/codes/lf_fit/lf_shape.py:11: RuntimeWarning: divide by zero encountered in log10
  P_temp = np.log10(P_temp)
/home/xuejian/works/quasarLF/git/codes/lf_fit/lf_shape.py:10: RuntimeWarning: overflow encountered in power
  P_temp = np.power(10.,P0) / ( np.power(x,gamma1) + np.power(x,gamma2) )
/home/xuejian/works/quasarLF/git/codes/lf_fit/lf_shape.py:11: RuntimeWarning: divide by zero encountered in log10
  P_temp = np.log10(P_temp)
/home/xuejian/works/quasarLF/git/codes/lf_fit/lf_shape.py:10: RuntimeWarning: overflow encountered in power
  P_temp = np.power(10.,P0) / ( np.power(x,gamma1) + np.power(x,gamma2) )
/home/xuejian/works/quasarLF/git/codes/lf_fit/lf_shape.py:11: RuntimeWarning: divide by zero encountered in log10
  P_temp = np.log10(P_temp)
/home/xuejian/works/quasarLF/git/codes/lf_fit/lf_shape.py:10: RuntimeWarning: overflow encountered in power
  P_temp = np.power(10.,P0) / ( np.power(x,gamma1) + np.power(x,gamma2) )
/home/xuejian/works/quasarLF/git/codes/lf_fit/lf_shape.py:11: RuntimeWarning: divide by zero encountered in log10
  P_temp = np.log10(P_temp)
/home/xuejian/works/quasarLF/git/codes/lf_fit/lf_shape.py:10: RuntimeWarning: overflow encountered in power
  P_temp = np.power(10.,P0) / ( np.power(x,gamma1) + np.power(x,gamma2) )
/home/xuejian/works/quasarLF/git/codes/lf_fit/lf_shape.py:11: RuntimeWarning: divide by zero encountered in log10
  P_temp = np.log10(P_temp)
/home/xuejian/works/quasarLF/git/codes/lf_fit/lf_shape.py:10: RuntimeWarning: overflow encountered in power
  P_temp = np.power(10.,P0) / ( np.power(x,gamma1) + np.power(x,gamma2) )
/home/xuejian/works/quasarLF/git/codes/lf_fit/lf_shape.py:11: RuntimeWarning: divide by zero encountered in log10
  P_temp = np.log10(P_temp)
/home/xuejian/works/quasarLF/git/codes/lf_fit/lf_shape.py:10: RuntimeWarning: overflow encountered in power
  P_temp = np.power(10.,P0) / ( np.power(x,gamma1) + np.power(x,gamma2) )
/home/xuejian/works/quasarLF/git/codes/lf_fit/lf_shape.py:11: RuntimeWarning: divide by zero encountered in log10
  P_temp = np.log10(P_temp)
/home/xuejian/works/quasarLF/git/codes/lf_fit/lf_shape.py:10: RuntimeWarning: overflow encountered in power
  P_temp = np.power(10.,P0) / ( np.power(x,gamma1) + np.power(x,gamma2) )
/home/xuejian/works/quasarLF/git/codes/lf_fit/lf_shape.py:11: RuntimeWarning: divide by zero encountered in log10
  P_temp = np.log10(P_temp)
/home/xuejian/works/quasarLF/git/codes/lf_fit/lf_shape.py:10: RuntimeWarning: overflow encountered in power
  P_temp = np.power(10.,P0) / ( np.power(x,gamma1) + np.power(x,gamma2) )
/home/xuejian/works/quasarLF/git/codes/lf_fit/lf_shape.py:11: RuntimeWarning: divide by zero encountered in log10
  P_temp = np.log10(P_temp)
/home/xuejian/works/quasarLF/git/codes/lf_fit/lf_shape.py:10: RuntimeWarning: overflow encountered in power
  P_temp = np.power(10.,P0) / ( np.power(x,gamma1) + np.power(x,gamma2) )
/home/xuejian/works/quasarLF/git/codes/lf_fit/lf_shape.py:11: RuntimeWarning: divide by zero encountered in log10
  P_temp = np.log10(P_temp)
/home/xuejian/works/quasarLF/git/codes/lf_fit/lf_shape.py:10: RuntimeWarning: overflow encountered in power
  P_temp = np.power(10.,P0) / ( np.power(x,gamma1) + np.power(x,gamma2) )
/home/xuejian/works/quasarLF/git/codes/lf_fit/lf_shape.py:11: RuntimeWarning: divide by zero encountered in log10
  P_temp = np.log10(P_temp)
/home/xuejian/works/quasarLF/git/codes/lf_fit/lf_shape.py:10: RuntimeWarning: overflow encountered in power
  P_temp = np.power(10.,P0) / ( np.power(x,gamma1) + np.power(x,gamma2) )
/home/xuejian/works/quasarLF/git/codes/lf_fit/lf_shape.py:11: RuntimeWarning: divide by zero encountered in log10
  P_temp = np.log10(P_temp)
/home/xuejian/works/quasarLF/git/codes/lf_fit/lf_shape.py:10: RuntimeWarning: overflow encountered in power
  P_temp = np.power(10.,P0) / ( np.power(x,gamma1) + np.power(x,gamma2) )
/home/xuejian/works/quasarLF/git/codes/lf_fit/lf_shape.py:11: RuntimeWarning: divide by zero encountered in log10
  P_temp = np.log10(P_temp)
/home/xuejian/works/quasarLF/git/codes/lf_fit/lf_shape.py:10: RuntimeWarning: overflow encountered in power
  P_temp = np.power(10.,P0) / ( np.power(x,gamma1) + np.power(x,gamma2) )
/home/xuejian/works/quasarLF/git/codes/lf_fit/lf_shape.py:11: RuntimeWarning: divide by zero encountered in log10
  P_temp = np.log10(P_temp)
/home/xuejian/works/quasarLF/git/codes/lf_fit/lf_shape.py:10: RuntimeWarning: overflow encountered in power
  P_temp = np.power(10.,P0) / ( np.power(x,gamma1) + np.power(x,gamma2) )
/home/xuejian/works/quasarLF/git/codes/lf_fit/lf_shape.py:11: RuntimeWarning: divide by zero encountered in log10
  P_temp = np.log10(P_temp)
/home/xuejian/works/quasarLF/git/codes/lf_fit/lf_shape.py:10: RuntimeWarning: overflow encountered in power
  P_temp = np.power(10.,P0) / ( np.power(x,gamma1) + np.power(x,gamma2) )
/home/xuejian/works/quasarLF/git/codes/lf_fit/lf_shape.py:11: RuntimeWarning: divide by zero encountered in log10
  P_temp = np.log10(P_temp)
/home/xuejian/works/quasarLF/git/codes/lf_fit/lf_shape.py:10: RuntimeWarning: overflow encountered in power
  P_temp = np.power(10.,P0) / ( np.power(x,gamma1) + np.power(x,gamma2) )
/home/xuejian/works/quasarLF/git/codes/lf_fit/lf_shape.py:11: RuntimeWarning: divide by zero encountered in log10
  P_temp = np.log10(P_temp)
/home/xuejian/works/quasarLF/git/codes/lf_fit/lf_shape.py:10: RuntimeWarning: overflow encountered in divide
  P_temp = np.power(10.,P0) / ( np.power(x,gamma1) + np.power(x,gamma2) )
/home/xuejian/works/quasarLF/git/codes/lf_fit/lf_shape.py:10: RuntimeWarning: divide by zero encountered in divide
  P_temp = np.power(10.,P0) / ( np.power(x,gamma1) + np.power(x,gamma2) )
/home/xuejian/works/quasarLF/git/codes/lf_fit/lf_shape.py:10: RuntimeWarning: overflow encountered in power
  P_temp = np.power(10.,P0) / ( np.power(x,gamma1) + np.power(x,gamma2) )
/home/xuejian/works/quasarLF/git/codes/lf_fit/lf_shape.py:11: RuntimeWarning: divide by zero encountered in log10
  P_temp = np.log10(P_temp)
/home/xuejian/works/quasarLF/git/codes/lf_fit/lf_shape.py:10: RuntimeWarning: overflow encountered in power
  P_temp = np.power(10.,P0) / ( np.power(x,gamma1) + np.power(x,gamma2) )
/home/xuejian/works/quasarLF/git/codes/lf_fit/lf_shape.py:11: RuntimeWarning: divide by zero encountered in log10
  P_temp = np.log10(P_temp)
/home/xuejian/works/quasarLF/git/codes/lf_fit/lf_shape.py:10: RuntimeWarning: overflow encountered in power
  P_temp = np.power(10.,P0) / ( np.power(x,gamma1) + np.power(x,gamma2) )
/home/xuejian/works/quasarLF/git/codes/lf_fit/lf_shape.py:11: RuntimeWarning: divide by zero encountered in log10
  P_temp = np.log10(P_temp)
/home/xuejian/works/quasarLF/git/codes/lf_fit/lf_shape.py:10: RuntimeWarning: overflow encountered in power
  P_temp = np.power(10.,P0) / ( np.power(x,gamma1) + np.power(x,gamma2) )
/home/xuejian/works/quasarLF/git/codes/lf_fit/lf_shape.py:11: RuntimeWarning: divide by zero encountered in log10
  P_temp = np.log10(P_temp)
/home/xuejian/works/quasarLF/git/codes/lf_fit/lf_shape.py:10: RuntimeWarning: overflow encountered in power
  P_temp = np.power(10.,P0) / ( np.power(x,gamma1) + np.power(x,gamma2) )
/home/xuejian/works/quasarLF/git/codes/lf_fit/lf_shape.py:11: RuntimeWarning: divide by zero encountered in log10
  P_temp = np.log10(P_temp)
/home/xuejian/works/quasarLF/git/codes/lf_fit/lf_shape.py:10: RuntimeWarning: overflow encountered in power
  P_temp = np.power(10.,P0) / ( np.power(x,gamma1) + np.power(x,gamma2) )
/home/xuejian/works/quasarLF/git/codes/lf_fit/lf_shape.py:11: RuntimeWarning: divide by zero encountered in log10
  P_temp = np.log10(P_temp)
/home/xuejian/works/quasarLF/git/codes/lf_fit/lf_shape.py:10: RuntimeWarning: overflow encountered in power
  P_temp = np.power(10.,P0) / ( np.power(x,gamma1) + np.power(x,gamma2) )
/home/xuejian/works/quasarLF/git/codes/lf_fit/lf_shape.py:11: RuntimeWarning: divide by zero encountered in log10
  P_temp = np.log10(P_temp)
/home/xuejian/works/quasarLF/git/codes/lf_fit/lf_shape.py:10: RuntimeWarning: overflow encountered in power
  P_temp = np.power(10.,P0) / ( np.power(x,gamma1) + np.power(x,gamma2) )
/home/xuejian/works/quasarLF/git/codes/lf_fit/lf_shape.py:11: RuntimeWarning: divide by zero encountered in log10
  P_temp = np.log10(P_temp)
/home/xuejian/works/quasarLF/git/codes/lf_fit/lf_shape.py:10: RuntimeWarning: overflow encountered in power
  P_temp = np.power(10.,P0) / ( np.power(x,gamma1) + np.power(x,gamma2) )
/home/xuejian/works/quasarLF/git/codes/lf_fit/lf_shape.py:11: RuntimeWarning: divide by zero encountered in log10
  P_temp = np.log10(P_temp)
/home/xuejian/works/quasarLF/git/codes/lf_fit/lf_shape.py:10: RuntimeWarning: overflow encountered in power
  P_temp = np.power(10.,P0) / ( np.power(x,gamma1) + np.power(x,gamma2) )
/home/xuejian/works/quasarLF/git/codes/lf_fit/lf_shape.py:11: RuntimeWarning: divide by zero encountered in log10
  P_temp = np.log10(P_temp)
/home/xuejian/works/quasarLF/git/codes/lf_fit/lf_shape.py:10: RuntimeWarning: overflow encountered in power
  P_temp = np.power(10.,P0) / ( np.power(x,gamma1) + np.power(x,gamma2) )
/home/xuejian/works/quasarLF/git/codes/lf_fit/lf_shape.py:11: RuntimeWarning: divide by zero encountered in log10
  P_temp = np.log10(P_temp)
/home/xuejian/works/quasarLF/git/codes/lf_fit/lf_shape.py:10: RuntimeWarning: overflow encountered in power
  P_temp = np.power(10.,P0) / ( np.power(x,gamma1) + np.power(x,gamma2) )
/home/xuejian/works/quasarLF/git/codes/lf_fit/lf_shape.py:11: RuntimeWarning: divide by zero encountered in log10
  P_temp = np.log10(P_temp)
/home/xuejian/works/quasarLF/git/codes/lf_fit/lf_shape.py:10: RuntimeWarning: overflow encountered in power
  P_temp = np.power(10.,P0) / ( np.power(x,gamma1) + np.power(x,gamma2) )
/home/xuejian/works/quasarLF/git/codes/lf_fit/lf_shape.py:11: RuntimeWarning: divide by zero encountered in log10
  P_temp = np.log10(P_temp)
/home/xuejian/works/quasarLF/git/codes/lf_fit/lf_shape.py:10: RuntimeWarning: overflow encountered in power
  P_temp = np.power(10.,P0) / ( np.power(x,gamma1) + np.power(x,gamma2) )
/home/xuejian/works/quasarLF/git/codes/lf_fit/lf_shape.py:11: RuntimeWarning: divide by zero encountered in log10
  P_temp = np.log10(P_temp)
/home/xuejian/works/quasarLF/git/codes/lf_fit/lf_shape.py:10: RuntimeWarning: overflow encountered in power
  P_temp = np.power(10.,P0) / ( np.power(x,gamma1) + np.power(x,gamma2) )
/home/xuejian/works/quasarLF/git/codes/lf_fit/lf_shape.py:11: RuntimeWarning: divide by zero encountered in log10
  P_temp = np.log10(P_temp)
Traceback (most recent call last):
  File "/home/xuejian/.conda/envs/customenv/lib/python2.7/site-packages/emcee/ensemble.py", line 519, in __call__
Traceback (most recent call last):
  File "/home/xuejian/.conda/envs/customenv/lib/python2.7/site-packages/emcee/ensemble.py", line 519, in __call__
    return self.f(x, *self.args, **self.kwargs)
  File "lf_fitter.py", line 157, in lnprob
    llike = lnlike(pars)
  File "lf_fitter.py", line 136, in lnlike
    res, sigma, success = residual(pars)
  File "lf_fitter.py", line 121, in residual
    get_fit_data(alldata,parameters,zmins[key],zmaxs[key],key,dset_ids[key])
  File "lf_fitter.py", line 47, in get_fit_data
    L_data, PHI_data, DPHI_data = load_LF_data[dset_name](redshift)
  File "/home/xuejian/works/quasarLF/git/codes/obdata/newx_load_miyaji15_lf_data.py", line 11, in load_miyaji15_lf_data
    return self.f(x, *self.args, **self.kwargs)
  File "lf_fitter.py", line 157, in lnprob
    llike = lnlike(pars)
  File "lf_fitter.py", line 136, in lnlike
    res, sigma, success = residual(pars)
  File "lf_fitter.py", line 121, in residual
    get_fit_data(alldata,parameters,zmins[key],zmaxs[key],key,dset_ids[key])
  File "lf_fitter.py", line 47, in get_fit_data
    L_data, PHI_data, DPHI_data = load_LF_data[dset_name](redshift)
  File "/home/xuejian/works/quasarLF/git/codes/obdata/newx_load_miyaji15_lf_data.py", line 11, in load_miyaji15_lf_data
    'L_min', 'L_max', 'L_c', 'nqso', 'phi', 'phierr'])
  File "/home/xuejian/.conda/envs/customenv/lib/python2.7/site-packages/numpy/lib/npyio.py", line 1713, in genfromtxt
    'L_min', 'L_max', 'L_c', 'nqso', 'phi', 'phierr'])
  File "/home/xuejian/.conda/envs/customenv/lib/python2.7/site-packages/numpy/lib/npyio.py", line 1713, in genfromtxt
    first_line = _decode_line(next(fhd), encoding)
  File "/home/xuejian/.conda/envs/customenv/lib/python2.7/codecs.py", line 314, in decode
  File "/home/xuejian/.conda/envs/customenv/lib/python2.7/codecs.py", line 314, in decode
    (result, consumed) = self._buffer_decode(data, self.errors, final)
MemoryError
MemoryError
Traceback (most recent call last):
  File "lf_fitter.py", line 179, in <module>
    pool.wait()
  File "/home/xuejian/.conda/envs/customenv/lib/python2.7/site-packages/emcee/mpi_pool.py", line 117, in wait
Traceback (most recent call last):
    result = self.function(task)
Traceback (most recent call last):
  File "/home/xuejian/.conda/envs/customenv/lib/python2.7/site-packages/emcee/ensemble.py", line 519, in __call__
  File "/home/xuejian/.conda/envs/customenv/lib/python2.7/site-packages/emcee/ensemble.py", line 519, in __call__
    return self.f(x, *self.args, **self.kwargs)
  File "lf_fitter.py", line 157, in lnprob
    llike = lnlike(pars)
  File "lf_fitter.py", line 136, in lnlike
    res, sigma, success = residual(pars)
  File "lf_fitter.py", line 121, in residual
    get_fit_data(alldata,parameters,zmins[key],zmaxs[key],key,dset_ids[key])
  File "lf_fitter.py", line 47, in get_fit_data
    L_data, PHI_data, DPHI_data = load_LF_data[dset_name](redshift)
  File "/home/xuejian/works/quasarLF/git/codes/obdata/newx_load_miyaji15_lf_data.py", line 11, in load_miyaji15_lf_data
    'L_min', 'L_max', 'L_c', 'nqso', 'phi', 'phierr'])
  File "/home/xuejian/.conda/envs/customenv/lib/python2.7/site-packages/numpy/lib/npyio.py", line 1713, in genfromtxt
Traceback (most recent call last):
  File "lf_fitter.py", line 179, in <module>
    pool.wait()
  File "/home/xuejian/.conda/envs/customenv/lib/python2.7/site-packages/emcee/mpi_pool.py", line 117, in wait
    result = self.function(task)
  File "/home/xuejian/.conda/envs/customenv/lib/python2.7/site-packages/emcee/ensemble.py", line 519, in __call__
    first_line = _decode_line(next(fhd), encoding)
  File "/home/xuejian/.conda/envs/customenv/lib/python2.7/codecs.py", line 314, in decode
    (result, consumed) = self._buffer_decode(data, self.errors, final)
MemoryError
    return self.f(x, *self.args, **self.kwargs)
  File "lf_fitter.py", line 157, in lnprob
  File "/home/xuejian/.conda/envs/customenv/lib/python2.7/site-packages/emcee/ensemble.py", line 519, in __call__
    llike = lnlike(pars)
  File "lf_fitter.py", line 136, in lnlike
    res, sigma, success = residual(pars)
  File "lf_fitter.py", line 121, in residual
    get_fit_data(alldata,parameters,zmins[key],zmaxs[key],key,dset_ids[key])
  File "lf_fitter.py", line 47, in get_fit_data
    L_data, PHI_data, DPHI_data = load_LF_data[dset_name](redshift)
  File "/home/xuejian/works/quasarLF/git/codes/obdata/newx_load_miyaji15_lf_data.py", line 11, in load_miyaji15_lf_data
    'L_min', 'L_max', 'L_c', 'nqso', 'phi', 'phierr'])
  File "/home/xuejian/.conda/envs/customenv/lib/python2.7/site-packages/numpy/lib/npyio.py", line 1713, in genfromtxt
    first_line = _decode_line(next(fhd), encoding)
  File "/home/xuejian/.conda/envs/customenv/lib/python2.7/codecs.py", line 314, in decode
    return self.f(x, *self.args, **self.kwargs)
  File "lf_fitter.py", line 157, in lnprob
    llike = lnlike(pars)
  File "lf_fitter.py", line 136, in lnlike
    res, sigma, success = residual(pars)
  File "lf_fitter.py", line 121, in residual
    get_fit_data(alldata,parameters,zmins[key],zmaxs[key],key,dset_ids[key])
  File "lf_fitter.py", line 47, in get_fit_data
    L_data, PHI_data, DPHI_data = load_LF_data[dset_name](redshift)
  File "/home/xuejian/works/quasarLF/git/codes/obdata/new_load_ross13_lf_data.py", line 11, in load_ross13_lf_data
    (result, consumed) = self._buffer_decode(data, self.errors, final)
MemoryError
    return self.f(x, *self.args, **self.kwargs)
  File "lf_fitter.py", line 157, in lnprob
    llike = lnlike(pars)
  File "lf_fitter.py", line 136, in lnlike
    res, sigma, success = residual(pars)
  File "lf_fitter.py", line 121, in residual
    get_fit_data(alldata,parameters,zmins[key],zmaxs[key],key,dset_ids[key])
  File "lf_fitter.py", line 47, in get_fit_data
    L_data, PHI_data, DPHI_data = load_LF_data[dset_name](redshift)
  File "/home/xuejian/works/quasarLF/git/codes/obdata/new_load_ross13_lf_data.py", line 11, in load_ross13_lf_data
    'left', 'right', 'log_phi', 'uperr', 'lowerr', 'nqso', 'Veff', 'P'])
  File "/home/xuejian/.conda/envs/customenv/lib/python2.7/site-packages/numpy/lib/npyio.py", line 2035, in genfromtxt
    'left', 'right', 'log_phi', 'uperr', 'lowerr', 'nqso', 'Veff', 'P'])
  File "/home/xuejian/.conda/envs/customenv/lib/python2.7/site-packages/numpy/lib/npyio.py", line 2035, in genfromtxt
    for (i, conv) in enumerate(converters)]))
MemoryError
Traceback (most recent call last):
  File "lf_fitter.py", line 179, in <module>
    pool.wait()
  File "/home/xuejian/.conda/envs/customenv/lib/python2.7/site-packages/emcee/mpi_pool.py", line 117, in wait
    result = self.function(task)
  File "/home/xuejian/.conda/envs/customenv/lib/python2.7/site-packages/emcee/ensemble.py", line 519, in __call__
    return self.f(x, *self.args, **self.kwargs)
  File "lf_fitter.py", line 157, in lnprob
    llike = lnlike(pars)
  File "lf_fitter.py", line 136, in lnlike
    res, sigma, success = residual(pars)
  File "lf_fitter.py", line 121, in residual
    for (i, conv) in enumerate(converters)]))
MemoryError
Traceback (most recent call last):
  File "lf_fitter.py", line 179, in <module>
    pool.wait()
  File "/home/xuejian/.conda/envs/customenv/lib/python2.7/site-packages/emcee/mpi_pool.py", line 117, in wait
    result = self.function(task)
  File "/home/xuejian/.conda/envs/customenv/lib/python2.7/site-packages/emcee/ensemble.py", line 519, in __call__
    get_fit_data(alldata,parameters,zmins[key],zmaxs[key],key,dset_ids[key])
  File "lf_fitter.py", line 47, in get_fit_data
    L_data, PHI_data, DPHI_data = load_LF_data[dset_name](redshift)
    return self.f(x, *self.args, **self.kwargs)
  File "lf_fitter.py", line 157, in lnprob
    llike = lnlike(pars)
  File "lf_fitter.py", line 136, in lnlike
    res, sigma, success = residual(pars)
  File "lf_fitter.py", line 121, in residual
  File "/home/xuejian/works/quasarLF/git/codes/obdata/new_load_ross13_lf_data.py", line 11, in load_ross13_lf_data
    get_fit_data(alldata,parameters,zmins[key],zmaxs[key],key,dset_ids[key])
  File "lf_fitter.py", line 47, in get_fit_data
    L_data, PHI_data, DPHI_data = load_LF_data[dset_name](redshift)
  File "/home/xuejian/works/quasarLF/git/codes/obdata/new_load_ross13_lf_data.py", line 11, in load_ross13_lf_data
    'left', 'right', 'log_phi', 'uperr', 'lowerr', 'nqso', 'Veff', 'P'])
  File "/home/xuejian/.conda/envs/customenv/lib/python2.7/site-packages/numpy/lib/npyio.py", line 2035, in genfromtxt
    'left', 'right', 'log_phi', 'uperr', 'lowerr', 'nqso', 'Veff', 'P'])
  File "/home/xuejian/.conda/envs/customenv/lib/python2.7/site-packages/numpy/lib/npyio.py", line 2035, in genfromtxt
    for (i, conv) in enumerate(converters)]))
MemoryError
    for (i, conv) in enumerate(converters)]))
MemoryError
Traceback (most recent call last):
  File "/home/xuejian/.conda/envs/customenv/lib/python2.7/site-packages/emcee/ensemble.py", line 519, in __call__
    return self.f(x, *self.args, **self.kwargs)
  File "lf_fitter.py", line 157, in lnprob
    llike = lnlike(pars)
  File "lf_fitter.py", line 136, in lnlike
    res, sigma, success = residual(pars)
  File "lf_fitter.py", line 121, in residual
    get_fit_data(alldata,parameters,zmins[key],zmaxs[key],key,dset_ids[key])
  File "lf_fitter.py", line 47, in get_fit_data
    L_data, PHI_data, DPHI_data = load_LF_data[dset_name](redshift)
  File "/home/xuejian/works/quasarLF/git/codes/obdata/newx_load_miyaji15_lf_data.py", line 11, in load_miyaji15_lf_data
    'L_min', 'L_max', 'L_c', 'nqso', 'phi', 'phierr'])
  File "/home/xuejian/.conda/envs/customenv/lib/python2.7/site-packages/numpy/lib/npyio.py", line 1713, in genfromtxt
    first_line = _decode_line(next(fhd), encoding)
  File "/home/xuejian/.conda/envs/customenv/lib/python2.7/codecs.py", line 314, in decode
MemoryError
Traceback (most recent call last):
  File "lf_fitter.py", line 179, in <module>
    pool.wait()
  File "/home/xuejian/.conda/envs/customenv/lib/python2.7/site-packages/emcee/mpi_pool.py", line 117, in wait
    result = self.function(task)
  File "/home/xuejian/.conda/envs/customenv/lib/python2.7/site-packages/emcee/ensemble.py", line 519, in __call__
    return self.f(x, *self.args, **self.kwargs)
  File "lf_fitter.py", line 157, in lnprob
    llike = lnlike(pars)
  File "lf_fitter.py", line 136, in lnlike
Traceback (most recent call last):
  File "/home/xuejian/.conda/envs/customenv/lib/python2.7/site-packages/emcee/ensemble.py", line 519, in __call__
    res, sigma, success = residual(pars)
  File "lf_fitter.py", line 121, in residual
    get_fit_data(alldata,parameters,zmins[key],zmaxs[key],key,dset_ids[key])
  File "lf_fitter.py", line 47, in get_fit_data
    L_data, PHI_data, DPHI_data = load_LF_data[dset_name](redshift)
  File "/home/xuejian/works/quasarLF/git/codes/obdata/newx_load_miyaji15_lf_data.py", line 11, in load_miyaji15_lf_data
    'L_min', 'L_max', 'L_c', 'nqso', 'phi', 'phierr'])
  File "/home/xuejian/.conda/envs/customenv/lib/python2.7/site-packages/numpy/lib/npyio.py", line 1713, in genfromtxt
    first_line = _decode_line(next(fhd), encoding)
  File "/home/xuejian/.conda/envs/customenv/lib/python2.7/codecs.py", line 314, in decode
    (result, consumed) = self._buffer_decode(data, self.errors, final)
MemoryError
    return self.f(x, *self.args, **self.kwargs)
  File "lf_fitter.py", line 157, in lnprob
    llike = lnlike(pars)
  File "lf_fitter.py", line 136, in lnlike
    res, sigma, success = residual(pars)
  File "lf_fitter.py", line 121, in residual
    get_fit_data(alldata,parameters,zmins[key],zmaxs[key],key,dset_ids[key])
  File "lf_fitter.py", line 47, in get_fit_data
    L_data, PHI_data, DPHI_data = load_LF_data[dset_name](redshift)
  File "/home/xuejian/works/quasarLF/git/codes/obdata/new_load_ross13_lf_data.py", line 11, in load_ross13_lf_data
    'left', 'right', 'log_phi', 'uperr', 'lowerr', 'nqso', 'Veff', 'P'])
  File "/home/xuejian/.conda/envs/customenv/lib/python2.7/site-packages/numpy/lib/npyio.py", line 1951, in genfromtxt
    for (i, line) in enumerate(itertools.chain([first_line, ], fhd)):
  File "/home/xuejian/.conda/envs/customenv/lib/python2.7/codecs.py", line 314, in decode
    (result, consumed) = self._buffer_decode(data, self.errors, final)
MemoryError
Traceback (most recent call last):
  File "lf_fitter.py", line 179, in <module>
    pool.wait()
  File "/home/xuejian/.conda/envs/customenv/lib/python2.7/site-packages/emcee/mpi_pool.py", line 117, in wait
    result = self.function(task)
  File "/home/xuejian/.conda/envs/customenv/lib/python2.7/site-packages/emcee/ensemble.py", line 519, in __call__
    return self.f(x, *self.args, **self.kwargs)
  File "lf_fitter.py", line 157, in lnprob
    llike = lnlike(pars)
  File "lf_fitter.py", line 136, in lnlike
    res, sigma, success = residual(pars)
  File "lf_fitter.py", line 121, in residual
    get_fit_data(alldata,parameters,zmins[key],zmaxs[key],key,dset_ids[key])
  File "lf_fitter.py", line 47, in get_fit_data
    L_data, PHI_data, DPHI_data = load_LF_data[dset_name](redshift)
  File "/home/xuejian/works/quasarLF/git/codes/obdata/new_load_ross13_lf_data.py", line 11, in load_ross13_lf_data
    'left', 'right', 'log_phi', 'uperr', 'lowerr', 'nqso', 'Veff', 'P'])
  File "/home/xuejian/.conda/envs/customenv/lib/python2.7/site-packages/numpy/lib/npyio.py", line 1951, in genfromtxt
    for (i, line) in enumerate(itertools.chain([first_line, ], fhd)):
  File "/home/xuejian/.conda/envs/customenv/lib/python2.7/codecs.py", line 314, in decode
    (result, consumed) = self._buffer_decode(data, self.errors, final)
MemoryError
Traceback (most recent call last):
  File "/home/xuejian/.conda/envs/customenv/lib/python2.7/site-packages/emcee/ensemble.py", line 519, in __call__
Traceback (most recent call last):
  File "/home/xuejian/.conda/envs/customenv/lib/python2.7/site-packages/emcee/ensemble.py", line 519, in __call__
    return self.f(x, *self.args, **self.kwargs)
  File "lf_fitter.py", line 157, in lnprob
    llike = lnlike(pars)
  File "lf_fitter.py", line 136, in lnlike
    res, sigma, success = residual(pars)
  File "lf_fitter.py", line 121, in residual
    get_fit_data(alldata,parameters,zmins[key],zmaxs[key],key,dset_ids[key])
  File "lf_fitter.py", line 47, in get_fit_data
    L_data, PHI_data, DPHI_data = load_LF_data[dset_name](redshift)
  File "/home/xuejian/works/quasarLF/git/codes/obdata/new_load_ross13_lf_data.py", line 11, in load_ross13_lf_data
    'left', 'right', 'log_phi', 'uperr', 'lowerr', 'nqso', 'Veff', 'P'])
  File "/home/xuejian/.conda/envs/customenv/lib/python2.7/site-packages/numpy/lib/npyio.py", line 2035, in genfromtxt
    return self.f(x, *self.args, **self.kwargs)
  File "lf_fitter.py", line 157, in lnprob
    llike = lnlike(pars)
  File "lf_fitter.py", line 136, in lnlike
    res, sigma, success = residual(pars)
  File "lf_fitter.py", line 121, in residual
    get_fit_data(alldata,parameters,zmins[key],zmaxs[key],key,dset_ids[key])
  File "lf_fitter.py", line 47, in get_fit_data
    L_data, PHI_data, DPHI_data = load_LF_data[dset_name](redshift)
  File "/home/xuejian/works/quasarLF/git/codes/obdata/newir_load_lacy15_lf_data.py", line 11, in load_lacy15_lf_data
    data = np.genfromtxt(filename,names=True)
  File "/home/xuejian/.conda/envs/customenv/lib/python2.7/site-packages/numpy/lib/npyio.py", line 1689, in genfromtxt
    fhd = iter(np.lib._datasource.open(fname, 'rt', encoding=encoding))
  File "/home/xuejian/.conda/envs/customenv/lib/python2.7/site-packages/numpy/lib/_datasource.py", line 260, in open
    for (i, conv) in enumerate(converters)]))
MemoryError
    return ds.open(path, mode, encoding=encoding, newline=newline)
  File "/home/xuejian/.conda/envs/customenv/lib/python2.7/site-packages/numpy/lib/_datasource.py", line 614, in open
    encoding=encoding, newline=newline)
MemoryError
Traceback (most recent call last):
  File "lf_fitter.py", line 179, in <module>
    pool.wait()
  File "/home/xuejian/.conda/envs/customenv/lib/python2.7/site-packages/emcee/mpi_pool.py", line 117, in wait
    result = self.function(task)
  File "/home/xuejian/.conda/envs/customenv/lib/python2.7/site-packages/emcee/ensemble.py", line 519, in __call__
    return self.f(x, *self.args, **self.kwargs)
  File "lf_fitter.py", line 157, in lnprob
    llike = lnlike(pars)
  File "lf_fitter.py", line 136, in lnlike
    res, sigma, success = residual(pars)
  File "lf_fitter.py", line 121, in residual
    get_fit_data(alldata,parameters,zmins[key],zmaxs[key],key,dset_ids[key])
  File "lf_fitter.py", line 47, in get_fit_data
    L_data, PHI_data, DPHI_data = load_LF_data[dset_name](redshift)
  File "/home/xuejian/works/quasarLF/git/codes/obdata/new_load_ross13_lf_data.py", line 11, in load_ross13_lf_data
    'left', 'right', 'log_phi', 'uperr', 'lowerr', 'nqso', 'Veff', 'P'])
  File "/home/xuejian/.conda/envs/customenv/lib/python2.7/site-packages/numpy/lib/npyio.py", line 2035, in genfromtxt
Traceback (most recent call last):
  File "lf_fitter.py", line 179, in <module>
    pool.wait()
  File "/home/xuejian/.conda/envs/customenv/lib/python2.7/site-packages/emcee/mpi_pool.py", line 117, in wait
    result = self.function(task)
  File "/home/xuejian/.conda/envs/customenv/lib/python2.7/site-packages/emcee/ensemble.py", line 519, in __call__
    return self.f(x, *self.args, **self.kwargs)
  File "lf_fitter.py", line 157, in lnprob
    for (i, conv) in enumerate(converters)]))
MemoryError
    llike = lnlike(pars)
  File "lf_fitter.py", line 136, in lnlike
    res, sigma, success = residual(pars)
  File "lf_fitter.py", line 121, in residual
    get_fit_data(alldata,parameters,zmins[key],zmaxs[key],key,dset_ids[key])
  File "lf_fitter.py", line 47, in get_fit_data
    L_data, PHI_data, DPHI_data = load_LF_data[dset_name](redshift)
  File "/home/xuejian/works/quasarLF/git/codes/obdata/newir_load_lacy15_lf_data.py", line 11, in load_lacy15_lf_data
    data = np.genfromtxt(filename,names=True)
  File "/home/xuejian/.conda/envs/customenv/lib/python2.7/site-packages/numpy/lib/npyio.py", line 1689, in genfromtxt
    fhd = iter(np.lib._datasource.open(fname, 'rt', encoding=encoding))
  File "/home/xuejian/.conda/envs/customenv/lib/python2.7/site-packages/numpy/lib/_datasource.py", line 260, in open
    return ds.open(path, mode, encoding=encoding, newline=newline)
  File "/home/xuejian/.conda/envs/customenv/lib/python2.7/site-packages/numpy/lib/_datasource.py", line 614, in open
    encoding=encoding, newline=newline)
MemoryError
Traceback (most recent call last):
  File "/home/xuejian/.conda/envs/customenv/lib/python2.7/site-packages/emcee/ensemble.py", line 519, in __call__
    return self.f(x, *self.args, **self.kwargs)
  File "lf_fitter.py", line 157, in lnprob
    llike = lnlike(pars)
  File "lf_fitter.py", line 136, in lnlike
    res, sigma, success = residual(pars)
  File "lf_fitter.py", line 121, in residual
    get_fit_data(alldata,parameters,zmins[key],zmaxs[key],key,dset_ids[key])
  File "lf_fitter.py", line 47, in get_fit_data
    L_data, PHI_data, DPHI_data = load_LF_data[dset_name](redshift)
  File "/home/xuejian/works/quasarLF/git/codes/obdata/new_load_palanque13_lf_data.py", line 12, in load_palanque13_lf_data
Traceback (most recent call last):
  File "/home/xuejian/.conda/envs/customenv/lib/python2.7/site-packages/emcee/ensemble.py", line 519, in __call__
    'left', 'right', 'log_phi', 'uperr', 'lowerr', 'nqso', 'Veff', 'P'])
  File "/home/xuejian/.conda/envs/customenv/lib/python2.7/site-packages/numpy/lib/npyio.py", line 1689, in genfromtxt
    return self.f(x, *self.args, **self.kwargs)
  File "lf_fitter.py", line 157, in lnprob
    llike = lnlike(pars)
  File "lf_fitter.py", line 136, in lnlike
    res, sigma, success = residual(pars)
  File "lf_fitter.py", line 121, in residual
    get_fit_data(alldata,parameters,zmins[key],zmaxs[key],key,dset_ids[key])
  File "lf_fitter.py", line 47, in get_fit_data
    L_data, PHI_data, DPHI_data = load_LF_data[dset_name](redshift)
  File "/home/xuejian/works/quasarLF/git/codes/obdata/newx_load_ueda14_lf_data.py", line 23, in load_ueda14_lf_data
    data_HX = np.genfromtxt(filepath+"hard"+annex, names=['L', 'phi', 'loerr', 'uperr'])
  File "/home/xuejian/.conda/envs/customenv/lib/python2.7/site-packages/numpy/lib/npyio.py", line 1689, in genfromtxt
    fhd = iter(np.lib._datasource.open(fname, 'rt', encoding=encoding))
  File "/home/xuejian/.conda/envs/customenv/lib/python2.7/site-packages/numpy/lib/_datasource.py", line 260, in open
    return ds.open(path, mode, encoding=encoding, newline=newline)
  File "/home/xuejian/.conda/envs/customenv/lib/python2.7/site-packages/numpy/lib/_datasource.py", line 614, in open
    encoding=encoding, newline=newline)
MemoryError
    fhd = iter(np.lib._datasource.open(fname, 'rt', encoding=encoding))
  File "/home/xuejian/.conda/envs/customenv/lib/python2.7/site-packages/numpy/lib/_datasource.py", line 260, in open
    return ds.open(path, mode, encoding=encoding, newline=newline)
  File "/home/xuejian/.conda/envs/customenv/lib/python2.7/site-packages/numpy/lib/_datasource.py", line 614, in open
    encoding=encoding, newline=newline)
MemoryError
Traceback (most recent call last):
  File "lf_fitter.py", line 179, in <module>
    pool.wait()
  File "/home/xuejian/.conda/envs/customenv/lib/python2.7/site-packages/emcee/mpi_pool.py", line 117, in wait
    result = self.function(task)
  File "/home/xuejian/.conda/envs/customenv/lib/python2.7/site-packages/emcee/ensemble.py", line 519, in __call__
    return self.f(x, *self.args, **self.kwargs)
  File "lf_fitter.py", line 157, in lnprob
    llike = lnlike(pars)
  File "lf_fitter.py", line 136, in lnlike
    res, sigma, success = residual(pars)
  File "lf_fitter.py", line 121, in residual
    get_fit_data(alldata,parameters,zmins[key],zmaxs[key],key,dset_ids[key])
  File "lf_fitter.py", line 47, in get_fit_data
    L_data, PHI_data, DPHI_data = load_LF_data[dset_name](redshift)
  File "/home/xuejian/works/quasarLF/git/codes/obdata/new_load_palanque13_lf_data.py", line 12, in load_palanque13_lf_data
    'left', 'right', 'log_phi', 'uperr', 'lowerr', 'nqso', 'Veff', 'P'])
  File "/home/xuejian/.conda/envs/customenv/lib/python2.7/site-packages/numpy/lib/npyio.py", line 1689, in genfromtxt
Traceback (most recent call last):
  File "lf_fitter.py", line 179, in <module>
    pool.wait()
  File "/home/xuejian/.conda/envs/customenv/lib/python2.7/site-packages/emcee/mpi_pool.py", line 117, in wait
    result = self.function(task)
  File "/home/xuejian/.conda/envs/customenv/lib/python2.7/site-packages/emcee/ensemble.py", line 519, in __call__
    return self.f(x, *self.args, **self.kwargs)
  File "lf_fitter.py", line 157, in lnprob
    fhd = iter(np.lib._datasource.open(fname, 'rt', encoding=encoding))
  File "/home/xuejian/.conda/envs/customenv/lib/python2.7/site-packages/numpy/lib/_datasource.py", line 260, in open
    llike = lnlike(pars)
    return ds.open(path, mode, encoding=encoding, newline=newline)
  File "/home/xuejian/.conda/envs/customenv/lib/python2.7/site-packages/numpy/lib/_datasource.py", line 614, in open
    encoding=encoding, newline=newline)
MemoryError
  File "lf_fitter.py", line 136, in lnlike
    res, sigma, success = residual(pars)
  File "lf_fitter.py", line 121, in residual
    get_fit_data(alldata,parameters,zmins[key],zmaxs[key],key,dset_ids[key])
  File "lf_fitter.py", line 47, in get_fit_data
    L_data, PHI_data, DPHI_data = load_LF_data[dset_name](redshift)
  File "/home/xuejian/works/quasarLF/git/codes/obdata/newx_load_ueda14_lf_data.py", line 23, in load_ueda14_lf_data
    data_HX = np.genfromtxt(filepath+"hard"+annex, names=['L', 'phi', 'loerr', 'uperr'])
  File "/home/xuejian/.conda/envs/customenv/lib/python2.7/site-packages/numpy/lib/npyio.py", line 1689, in genfromtxt
    fhd = iter(np.lib._datasource.open(fname, 'rt', encoding=encoding))
  File "/home/xuejian/.conda/envs/customenv/lib/python2.7/site-packages/numpy/lib/_datasource.py", line 260, in open
    return ds.open(path, mode, encoding=encoding, newline=newline)
  File "/home/xuejian/.conda/envs/customenv/lib/python2.7/site-packages/numpy/lib/_datasource.py", line 614, in open
    encoding=encoding, newline=newline)
MemoryError
Traceback (most recent call last):
  File "/home/xuejian/.conda/envs/customenv/lib/python2.7/site-packages/emcee/ensemble.py", line 519, in __call__
    return self.f(x, *self.args, **self.kwargs)
  File "lf_fitter.py", line 157, in lnprob
    llike = lnlike(pars)
  File "lf_fitter.py", line 136, in lnlike
    res, sigma, success = residual(pars)
  File "lf_fitter.py", line 121, in residual
    get_fit_data(alldata,parameters,zmins[key],zmaxs[key],key,dset_ids[key])
  File "lf_fitter.py", line 47, in get_fit_data
    L_data, PHI_data, DPHI_data = load_LF_data[dset_name](redshift)
  File "/home/xuejian/works/quasarLF/git/codes/obdata/newx_load_miyaji15_lf_data.py", line 11, in load_miyaji15_lf_data
    'L_min', 'L_max', 'L_c', 'nqso', 'phi', 'phierr'])
  File "/home/xuejian/.conda/envs/customenv/lib/python2.7/site-packages/numpy/lib/npyio.py", line 1713, in genfromtxt
  File "/home/xuejian/.conda/envs/customenv/lib/python2.7/codecs.py", line 314, in decode
    (result, consumed) = self._buffer_decode(data, self.errors, final)
MemoryError
Traceback (most recent call last):
  File "lf_fitter.py", line 179, in <module>
    pool.wait()
  File "/home/xuejian/.conda/envs/customenv/lib/python2.7/site-packages/emcee/mpi_pool.py", line 117, in wait
    result = self.function(task)
  File "/home/xuejian/.conda/envs/customenv/lib/python2.7/site-packages/emcee/ensemble.py", line 519, in __call__
    return self.f(x, *self.args, **self.kwargs)
  File "lf_fitter.py", line 157, in lnprob
    llike = lnlike(pars)
  File "lf_fitter.py", line 136, in lnlike
    res, sigma, success = residual(pars)
  File "lf_fitter.py", line 121, in residual
    get_fit_data(alldata,parameters,zmins[key],zmaxs[key],key,dset_ids[key])
  File "lf_fitter.py", line 47, in get_fit_data
    L_data, PHI_data, DPHI_data = load_LF_data[dset_name](redshift)
  File "/home/xuejian/works/quasarLF/git/codes/obdata/newx_load_miyaji15_lf_data.py", line 11, in load_miyaji15_lf_data
    'L_min', 'L_max', 'L_c', 'nqso', 'phi', 'phierr'])
  File "/home/xuejian/.conda/envs/customenv/lib/python2.7/site-packages/numpy/lib/npyio.py", line 1713, in genfromtxt
    first_line = _decode_line(next(fhd), encoding)
  File "/home/xuejian/.conda/envs/customenv/lib/python2.7/codecs.py", line 314, in decode
    (result, consumed) = self._buffer_decode(data, self.errors, final)
MemoryError
slurmstepd: error: *** JOB 211182 ON wheeler033 CANCELLED AT 2019-12-18T10:13:43 DUE TO TIME LIMIT ***
