/home/xuejian/works/quasarLF/git/codes/lf_fit/lf_shape.py:10: RuntimeWarning: overflow encountered in power
  P_temp = np.power(10.,P0) / ( np.power(x,gamma1) + np.power(x,gamma2) )
/home/xuejian/works/quasarLF/git/codes/lf_fit/lf_shape.py:11: RuntimeWarning: divide by zero encountered in log10
  P_temp = np.log10(P_temp)
/home/xuejian/.conda/envs/customenv/lib/python2.7/site-packages/emcee/ensemble.py:335: RuntimeWarning: invalid value encountered in subtract
  lnpdiff = (self.dim - 1.) * np.log(zz) + newlnprob - lnprob0
/home/xuejian/.conda/envs/customenv/lib/python2.7/site-packages/emcee/ensemble.py:336: RuntimeWarning: invalid value encountered in greater
  accept = (lnpdiff > np.log(self._random.rand(len(lnpdiff))))
/home/xuejian/works/quasarLF/git/codes/lf_fit/lf_shape.py:10: RuntimeWarning: overflow encountered in power
  P_temp = np.power(10.,P0) / ( np.power(x,gamma1) + np.power(x,gamma2) )
/home/xuejian/works/quasarLF/git/codes/lf_fit/lf_shape.py:11: RuntimeWarning: divide by zero encountered in log10
  P_temp = np.log10(P_temp)
/home/xuejian/works/quasarLF/git/codes/lf_fit/lf_shape.py:10: RuntimeWarning: overflow encountered in power
  P_temp = np.power(10.,P0) / ( np.power(x,gamma1) + np.power(x,gamma2) )
/home/xuejian/works/quasarLF/git/codes/lf_fit/lf_shape.py:11: RuntimeWarning: divide by zero encountered in log10
  P_temp = np.log10(P_temp)
/home/xuejian/works/quasarLF/git/codes/lf_fit/lf_shape.py:10: RuntimeWarning: overflow encountered in power
  P_temp = np.power(10.,P0) / ( np.power(x,gamma1) + np.power(x,gamma2) )
/home/xuejian/works/quasarLF/git/codes/lf_fit/lf_shape.py:11: RuntimeWarning: divide by zero encountered in log10
  P_temp = np.log10(P_temp)
/home/xuejian/works/quasarLF/git/codes/lf_fit/lf_shape.py:10: RuntimeWarning: overflow encountered in power
  P_temp = np.power(10.,P0) / ( np.power(x,gamma1) + np.power(x,gamma2) )
/home/xuejian/works/quasarLF/git/codes/lf_fit/lf_shape.py:11: RuntimeWarning: divide by zero encountered in log10
  P_temp = np.log10(P_temp)
/home/xuejian/works/quasarLF/git/codes/lf_fit/lf_shape.py:10: RuntimeWarning: overflow encountered in power
  P_temp = np.power(10.,P0) / ( np.power(x,gamma1) + np.power(x,gamma2) )
/home/xuejian/works/quasarLF/git/codes/lf_fit/lf_shape.py:11: RuntimeWarning: divide by zero encountered in log10
  P_temp = np.log10(P_temp)
/home/xuejian/works/quasarLF/git/codes/lf_fit/lf_shape.py:10: RuntimeWarning: overflow encountered in power
  P_temp = np.power(10.,P0) / ( np.power(x,gamma1) + np.power(x,gamma2) )
/home/xuejian/works/quasarLF/git/codes/lf_fit/lf_shape.py:11: RuntimeWarning: divide by zero encountered in log10
  P_temp = np.log10(P_temp)
/home/xuejian/works/quasarLF/git/codes/lf_fit/lf_shape.py:10: RuntimeWarning: overflow encountered in power
  P_temp = np.power(10.,P0) / ( np.power(x,gamma1) + np.power(x,gamma2) )
/home/xuejian/works/quasarLF/git/codes/lf_fit/lf_shape.py:11: RuntimeWarning: divide by zero encountered in log10
  P_temp = np.log10(P_temp)
/home/xuejian/works/quasarLF/git/codes/lf_fit/lf_shape.py:10: RuntimeWarning: overflow encountered in power
  P_temp = np.power(10.,P0) / ( np.power(x,gamma1) + np.power(x,gamma2) )
/home/xuejian/works/quasarLF/git/codes/lf_fit/lf_shape.py:11: RuntimeWarning: divide by zero encountered in log10
  P_temp = np.log10(P_temp)
/home/xuejian/works/quasarLF/git/codes/lf_fit/lf_shape.py:10: RuntimeWarning: overflow encountered in power
  P_temp = np.power(10.,P0) / ( np.power(x,gamma1) + np.power(x,gamma2) )
/home/xuejian/works/quasarLF/git/codes/lf_fit/lf_shape.py:11: RuntimeWarning: divide by zero encountered in log10
  P_temp = np.log10(P_temp)
/home/xuejian/works/quasarLF/git/codes/lf_fit/lf_shape.py:10: RuntimeWarning: overflow encountered in power
  P_temp = np.power(10.,P0) / ( np.power(x,gamma1) + np.power(x,gamma2) )
/home/xuejian/works/quasarLF/git/codes/lf_fit/lf_shape.py:11: RuntimeWarning: divide by zero encountered in log10
  P_temp = np.log10(P_temp)
/home/xuejian/works/quasarLF/git/codes/lf_fit/lf_shape.py:10: RuntimeWarning: overflow encountered in power
  P_temp = np.power(10.,P0) / ( np.power(x,gamma1) + np.power(x,gamma2) )
/home/xuejian/works/quasarLF/git/codes/lf_fit/lf_shape.py:11: RuntimeWarning: divide by zero encountered in log10
  P_temp = np.log10(P_temp)
/home/xuejian/works/quasarLF/git/codes/lf_fit/lf_shape.py:10: RuntimeWarning: overflow encountered in power
  P_temp = np.power(10.,P0) / ( np.power(x,gamma1) + np.power(x,gamma2) )
/home/xuejian/works/quasarLF/git/codes/lf_fit/lf_shape.py:11: RuntimeWarning: divide by zero encountered in log10
  P_temp = np.log10(P_temp)
/home/xuejian/works/quasarLF/git/codes/lf_fit/lf_shape.py:10: RuntimeWarning: overflow encountered in power
  P_temp = np.power(10.,P0) / ( np.power(x,gamma1) + np.power(x,gamma2) )
/home/xuejian/works/quasarLF/git/codes/lf_fit/lf_shape.py:11: RuntimeWarning: divide by zero encountered in log10
  P_temp = np.log10(P_temp)
/home/xuejian/works/quasarLF/git/codes/lf_fit/lf_shape.py:10: RuntimeWarning: overflow encountered in power
  P_temp = np.power(10.,P0) / ( np.power(x,gamma1) + np.power(x,gamma2) )
/home/xuejian/works/quasarLF/git/codes/lf_fit/lf_shape.py:11: RuntimeWarning: divide by zero encountered in log10
  P_temp = np.log10(P_temp)
/home/xuejian/works/quasarLF/git/codes/lf_fit/lf_shape.py:10: RuntimeWarning: overflow encountered in power
  P_temp = np.power(10.,P0) / ( np.power(x,gamma1) + np.power(x,gamma2) )
/home/xuejian/works/quasarLF/git/codes/lf_fit/lf_shape.py:11: RuntimeWarning: divide by zero encountered in log10
  P_temp = np.log10(P_temp)
/home/xuejian/works/quasarLF/git/codes/lf_fit/lf_shape.py:10: RuntimeWarning: overflow encountered in power
  P_temp = np.power(10.,P0) / ( np.power(x,gamma1) + np.power(x,gamma2) )
/home/xuejian/works/quasarLF/git/codes/lf_fit/lf_shape.py:11: RuntimeWarning: divide by zero encountered in log10
  P_temp = np.log10(P_temp)
/home/xuejian/works/quasarLF/git/codes/lf_fit/lf_shape.py:10: RuntimeWarning: overflow encountered in power
  P_temp = np.power(10.,P0) / ( np.power(x,gamma1) + np.power(x,gamma2) )
/home/xuejian/works/quasarLF/git/codes/lf_fit/lf_shape.py:11: RuntimeWarning: divide by zero encountered in log10
  P_temp = np.log10(P_temp)
/home/xuejian/works/quasarLF/git/codes/lf_fit/lf_shape.py:10: RuntimeWarning: overflow encountered in power
  P_temp = np.power(10.,P0) / ( np.power(x,gamma1) + np.power(x,gamma2) )
/home/xuejian/works/quasarLF/git/codes/lf_fit/lf_shape.py:11: RuntimeWarning: divide by zero encountered in log10
  P_temp = np.log10(P_temp)
/home/xuejian/works/quasarLF/git/codes/lf_fit/lf_shape.py:10: RuntimeWarning: overflow encountered in power
  P_temp = np.power(10.,P0) / ( np.power(x,gamma1) + np.power(x,gamma2) )
/home/xuejian/works/quasarLF/git/codes/lf_fit/lf_shape.py:11: RuntimeWarning: divide by zero encountered in log10
  P_temp = np.log10(P_temp)
/home/xuejian/works/quasarLF/git/codes/lf_fit/lf_shape.py:10: RuntimeWarning: overflow encountered in power
  P_temp = np.power(10.,P0) / ( np.power(x,gamma1) + np.power(x,gamma2) )
/home/xuejian/works/quasarLF/git/codes/lf_fit/lf_shape.py:11: RuntimeWarning: divide by zero encountered in log10
  P_temp = np.log10(P_temp)
/home/xuejian/works/quasarLF/git/codes/lf_fit/lf_shape.py:10: RuntimeWarning: overflow encountered in power
  P_temp = np.power(10.,P0) / ( np.power(x,gamma1) + np.power(x,gamma2) )
/home/xuejian/works/quasarLF/git/codes/lf_fit/lf_shape.py:11: RuntimeWarning: divide by zero encountered in log10
  P_temp = np.log10(P_temp)
/home/xuejian/works/quasarLF/git/codes/lf_fit/lf_shape.py:10: RuntimeWarning: overflow encountered in power
  P_temp = np.power(10.,P0) / ( np.power(x,gamma1) + np.power(x,gamma2) )
/home/xuejian/works/quasarLF/git/codes/lf_fit/lf_shape.py:11: RuntimeWarning: divide by zero encountered in log10
  P_temp = np.log10(P_temp)
